[
  "SPLIT_MATCHES", 
  "RUNNING_P995_POP3S", 
  "RUNNING_P993_IMAPS", 
  "RUNNING_P8888_HTTP", 
  "RUNNING_P80_HTTP", 
  "RUNNING_P8080_HTTP", 
  "RUNNING_P7547_CWMP", 
  "RUNNING_P631_IPP", 
  "RUNNING_P587_SMTP", 
  "RUNNING_P5432_POSTGRES", 
  "RUNNING_P53_DNS", 
  "RUNNING_P502_MODBUS", 
  "RUNNING_P47808_BACNET", 
  "RUNNING_P443_HTTPS", 
  "RUNNING_P3306_MYSQL", 
  "RUNNING_P25_SMTP", 
  "RUNNING_P23_TELNET", 
  "RUNNING_P2323_TELNET", 
  "RUNNING_P22_SSH", 
  "RUNNING_P21_FTP", 
  "RUNNING_P1911_FOX", 
  "RUNNING_P1900_UPNP", 
  "RUNNING_P1521_ORACLE", 
  "RUNNING_P143_IMAP", 
  "RUNNING_P1433_MSSQL", 
  "RUNNING_P110_POP3", 
  "RUNNING_P102_S7", 
  "P995_POP3S_TLS_TLS_VERSION_TLSV1_2", 
  "P995_POP3S_TLS_TLS_VERSION_TLSV1_1", 
  "P995_POP3S_TLS_TLS_VERSION_TLSV1_0", 
  "P995_POP3S_TLS_TLS_VERSION_SSLV3", 
  "P995_POP3S_TLS_TLS_VALIDATION_BROWSER_TRUSTED", 
  "P995_POP3S_TLS_TLS_SIGNATURE_VALID", 
  "P995_POP3S_TLS_TLS_SERVER_KEY_EXCHANGE_ECDH_PARAMS_CURVE_ID_ID", 
  "P995_POP3S_TLS_TLS_OCSP_STAPLING", 
  "P995_POP3S_TLS_TLS_FIELD_PRESENT", 
  "P995_POP3S_TLS_TLS_CIPHER_SUITE_NAME_TLS_RSA_WITH_RC4_128_SHA", 
  "P995_POP3S_TLS_TLS_CIPHER_SUITE_NAME_TLS_RSA_WITH_AES_256_CBC_SHA", 
  "P995_POP3S_TLS_TLS_CIPHER_SUITE_NAME_TLS_RSA_WITH_AES_128_CBC_SHA", 
  "P995_POP3S_TLS_TLS_CIPHER_SUITE_NAME_TLS_ECDHE_RSA_WITH_AES_256_CBC_SHA", 
  "P995_POP3S_TLS_TLS_CIPHER_SUITE_NAME_TLS_ECDHE_RSA_WITH_AES_128_GCM_SHA256", 
  "P995_POP3S_TLS_TLS_CERT_PAST_VALID_END_DATE", 
  "P995_POP3S_TLS_TLS_CERTIFICATE_PARSED_VERSION", 
  "P995_POP3S_TLS_TLS_CERTIFICATE_PARSED_VALIDITY_LENGTH", 
  "P995_POP3S_TLS_TLS_CERTIFICATE_PARSED_VALIDATION_LEVEL_UNKNOWN", 
  "P995_POP3S_TLS_TLS_CERTIFICATE_PARSED_VALIDATION_LEVEL_OV", 
  "P995_POP3S_TLS_TLS_CERTIFICATE_PARSED_VALIDATION_LEVEL_EV", 
  "P995_POP3S_TLS_TLS_CERTIFICATE_PARSED_VALIDATION_LEVEL_DV", 
  "P995_POP3S_TLS_TLS_CERTIFICATE_PARSED_SIGNATURE_VALID", 
  "P995_POP3S_TLS_TLS_CERTIFICATE_PARSED_SIGNATURE_SELF_SIGNED", 
  "P995_POP3S_TLS_TLS_CERTIFICATE_PARSED_ISSUER_ORGANIZATION_UNKNOWN", 
  "P995_POP3S_TLS_TLS_CERTIFICATE_PARSED_ISSUER_ORGANIZATION_STARFIELD", 
  "P995_POP3S_TLS_TLS_CERTIFICATE_PARSED_ISSUER_ORGANIZATION_SOMEORGANIZATION", 
  "P995_POP3S_TLS_TLS_CERTIFICATE_PARSED_ISSUER_ORGANIZATION_RAPIDSSL", 
  "P995_POP3S_TLS_TLS_CERTIFICATE_PARSED_ISSUER_ORGANIZATION_LOCALHOST", 
  "P995_POP3S_TLS_TLS_CERTIFICATE_PARSED_ISSUER_ORGANIZATION_LETS_ENCRYPT", 
  "P995_POP3S_TLS_TLS_CERTIFICATE_PARSED_ISSUER_ORGANIZATION_HOME_PL", 
  "P995_POP3S_TLS_TLS_CERTIFICATE_PARSED_ISSUER_ORGANIZATION_GOOGLE", 
  "P995_POP3S_TLS_TLS_CERTIFICATE_PARSED_ISSUER_ORGANIZATION_GODADDY", 
  "P995_POP3S_TLS_TLS_CERTIFICATE_PARSED_ISSUER_ORGANIZATION_GLOBALSIGN", 
  "P995_POP3S_TLS_TLS_CERTIFICATE_PARSED_ISSUER_ORGANIZATION_GEOTRUST", 
  "P995_POP3S_TLS_TLS_CERTIFICATE_PARSED_ISSUER_ORGANIZATION_FORTINET", 
  "P995_POP3S_TLS_TLS_CERTIFICATE_PARSED_ISSUER_ORGANIZATION_ENTRUST", 
  "P995_POP3S_TLS_TLS_CERTIFICATE_PARSED_ISSUER_ORGANIZATION_DIGICERT", 
  "P995_POP3S_TLS_TLS_CERTIFICATE_PARSED_ISSUER_ORGANIZATION_CPANEL", 
  "P995_POP3S_TLS_TLS_CERTIFICATE_PARSED_ISSUER_ORGANIZATION_COMODO", 
  "P995_POP3S_TLS_TLS_CERTIFICATE_PARSED_ISSUER_ORGANIZATION_CISCO", 
  "P995_POP3S_TLS_TLS_CERTIFICATE_PARSED_ISSUER_ORGANIZATION_ALPHASSL", 
  "P995_POP3S_TLS_TLS_CERTIFICATE_PARSED_EXTENSIONS_KEY_USAGE_KEY_ENCIPHERMENT", 
  "P995_POP3S_TLS_TLS_CERTIFICATE_PARSED_EXTENSIONS_KEY_USAGE_KEY_AGREEMENT", 
  "P995_POP3S_TLS_TLS_CERTIFICATE_PARSED_EXTENSIONS_KEY_USAGE_DIGITAL_SIGNATURE", 
  "P995_POP3S_TLS_TLS_CERTIFICATE_PARSED_EXTENSIONS_KEY_USAGE_DATA_ENCIPHERMENT", 
  "P995_POP3S_TLS_TLS_CERTIFICATE_PARSED_EXTENSIONS_KEY_USAGE_CRL_SIGN", 
  "P995_POP3S_TLS_TLS_CERTIFICATE_PARSED_EXTENSIONS_KEY_USAGE_CONTENT_COMMITMENT", 
  "P995_POP3S_TLS_TLS_CERTIFICATE_PARSED_EXTENSIONS_KEY_USAGE_CERTIFICATE_SIGN", 
  "P995_POP3S_TLS_TLS_CERTIFICATE_PARSED_EXTENSIONS_BASIC_CONSTRAINTS_IS_CA", 
  "P995_POP3S_TLS_RUNNING_ZIMBRA", 
  "P995_POP3S_TLS_RUNNING_XCHANGE", 
  "P995_POP3S_TLS_RUNNING_SUN", 
  "P995_POP3S_TLS_RUNNING_QPOPPER", 
  "P995_POP3S_TLS_RUNNING_ORACLE", 
  "P995_POP3S_TLS_RUNNING_NETMAIL", 
  "P995_POP3S_TLS_RUNNING_MICROSOFT_EXCHANGE_SERVER_2007", 
  "P995_POP3S_TLS_RUNNING_MICROSOFT_EXCHANGE_SERVER_2003", 
  "P995_POP3S_TLS_RUNNING_MICROSOFT", 
  "P995_POP3S_TLS_RUNNING_MERCURY", 
  "P995_POP3S_TLS_RUNNING_MDAEMON", 
  "P995_POP3S_TLS_RUNNING_KERIO_CONNECT", 
  "P995_POP3S_TLS_RUNNING_KERIO", 
  "P995_POP3S_TLS_RUNNING_IMAP", 
  "P995_POP3S_TLS_RUNNING_ICEWARP", 
  "P995_POP3S_TLS_RUNNING_GORDANO", 
  "P995_POP3S_TLS_RUNNING_EXCHANGE_SERVER", 
  "P995_POP3S_TLS_RUNNING_DOVECOT", 
  "P995_POP3S_TLS_RUNNING_CYRUS", 
  "P995_POP3S_TLS_CONN_SUCCESS", 
  "P995_POP3S_SSL_2_TLS_CERT_PAST_VALID_END_DATE", 
  "P995_POP3S_SSL_2_SSL_2_SUPPORT", 
  "P995_POP3S_SSL_2_CERTIFICATE_PARSED_VERSION", 
  "P995_POP3S_SSL_2_CERTIFICATE_PARSED_SIGNATURE_SELF_SIGNED", 
  "P995_POP3S_SSL_2_CERTIFICATE_PARSED_EXTENSIONS_KEY_USAGE_KEY_ENCIPHERMENT", 
  "P995_POP3S_SSL_2_CERTIFICATE_PARSED_EXTENSIONS_KEY_USAGE_DIGITAL_SIGNATURE", 
  "P995_POP3S_SSL_2_CERTIFICATE_PARSED_EXTENSIONS_BASIC_CONSTRAINTS_IS_CA", 
  "P993_IMAPS_TLS_TLS_VERSION_TLSV1_2", 
  "P993_IMAPS_TLS_TLS_VERSION_TLSV1_1", 
  "P993_IMAPS_TLS_TLS_VERSION_TLSV1_0", 
  "P993_IMAPS_TLS_TLS_VALIDATION_BROWSER_TRUSTED", 
  "P993_IMAPS_TLS_TLS_SIGNATURE_VALID", 
  "P993_IMAPS_TLS_TLS_SERVER_KEY_EXCHANGE_ECDH_PARAMS_CURVE_ID_ID", 
  "P993_IMAPS_TLS_TLS_OCSP_STAPLING", 
  "P993_IMAPS_TLS_TLS_FIELD_PRESENT", 
  "P993_IMAPS_TLS_TLS_CIPHER_SUITE_NAME_TLS_RSA_WITH_RC4_128_SHA", 
  "P993_IMAPS_TLS_TLS_CIPHER_SUITE_NAME_TLS_RSA_WITH_AES_256_CBC_SHA", 
  "P993_IMAPS_TLS_TLS_CIPHER_SUITE_NAME_TLS_RSA_WITH_AES_128_CBC_SHA", 
  "P993_IMAPS_TLS_TLS_CIPHER_SUITE_NAME_TLS_ECDHE_RSA_WITH_AES_256_CBC_SHA", 
  "P993_IMAPS_TLS_TLS_CIPHER_SUITE_NAME_TLS_ECDHE_RSA_WITH_AES_128_GCM_SHA256", 
  "P993_IMAPS_TLS_TLS_CERT_PAST_VALID_END_DATE", 
  "P993_IMAPS_TLS_TLS_CERTIFICATE_PARSED_VERSION", 
  "P993_IMAPS_TLS_TLS_CERTIFICATE_PARSED_VALIDITY_LENGTH", 
  "P993_IMAPS_TLS_TLS_CERTIFICATE_PARSED_VALIDATION_LEVEL_UNKNOWN", 
  "P993_IMAPS_TLS_TLS_CERTIFICATE_PARSED_VALIDATION_LEVEL_OV", 
  "P993_IMAPS_TLS_TLS_CERTIFICATE_PARSED_VALIDATION_LEVEL_EV", 
  "P993_IMAPS_TLS_TLS_CERTIFICATE_PARSED_VALIDATION_LEVEL_DV", 
  "P993_IMAPS_TLS_TLS_CERTIFICATE_PARSED_SIGNATURE_VALID", 
  "P993_IMAPS_TLS_TLS_CERTIFICATE_PARSED_SIGNATURE_SELF_SIGNED", 
  "P993_IMAPS_TLS_TLS_CERTIFICATE_PARSED_ISSUER_ORGANIZATION_UNKNOWN", 
  "P993_IMAPS_TLS_TLS_CERTIFICATE_PARSED_ISSUER_ORGANIZATION_STARFIELD", 
  "P993_IMAPS_TLS_TLS_CERTIFICATE_PARSED_ISSUER_ORGANIZATION_SOMEORGANIZATION", 
  "P993_IMAPS_TLS_TLS_CERTIFICATE_PARSED_ISSUER_ORGANIZATION_RAPIDSSL", 
  "P993_IMAPS_TLS_TLS_CERTIFICATE_PARSED_ISSUER_ORGANIZATION_LOCALHOST", 
  "P993_IMAPS_TLS_TLS_CERTIFICATE_PARSED_ISSUER_ORGANIZATION_LETS_ENCRYPT", 
  "P993_IMAPS_TLS_TLS_CERTIFICATE_PARSED_ISSUER_ORGANIZATION_HOME_PL", 
  "P993_IMAPS_TLS_TLS_CERTIFICATE_PARSED_ISSUER_ORGANIZATION_GOOGLE", 
  "P993_IMAPS_TLS_TLS_CERTIFICATE_PARSED_ISSUER_ORGANIZATION_GODADDY", 
  "P993_IMAPS_TLS_TLS_CERTIFICATE_PARSED_ISSUER_ORGANIZATION_GLOBALSIGN", 
  "P993_IMAPS_TLS_TLS_CERTIFICATE_PARSED_ISSUER_ORGANIZATION_GEOTRUST", 
  "P993_IMAPS_TLS_TLS_CERTIFICATE_PARSED_ISSUER_ORGANIZATION_FORTINET", 
  "P993_IMAPS_TLS_TLS_CERTIFICATE_PARSED_ISSUER_ORGANIZATION_ENTRUST", 
  "P993_IMAPS_TLS_TLS_CERTIFICATE_PARSED_ISSUER_ORGANIZATION_DIGICERT", 
  "P993_IMAPS_TLS_TLS_CERTIFICATE_PARSED_ISSUER_ORGANIZATION_CPANEL", 
  "P993_IMAPS_TLS_TLS_CERTIFICATE_PARSED_ISSUER_ORGANIZATION_COMODO", 
  "P993_IMAPS_TLS_TLS_CERTIFICATE_PARSED_ISSUER_ORGANIZATION_CISCO", 
  "P993_IMAPS_TLS_TLS_CERTIFICATE_PARSED_ISSUER_ORGANIZATION_ALPHASSL", 
  "P993_IMAPS_TLS_TLS_CERTIFICATE_PARSED_EXTENSIONS_KEY_USAGE_KEY_ENCIPHERMENT", 
  "P993_IMAPS_TLS_TLS_CERTIFICATE_PARSED_EXTENSIONS_KEY_USAGE_KEY_AGREEMENT", 
  "P993_IMAPS_TLS_TLS_CERTIFICATE_PARSED_EXTENSIONS_KEY_USAGE_DIGITAL_SIGNATURE", 
  "P993_IMAPS_TLS_TLS_CERTIFICATE_PARSED_EXTENSIONS_KEY_USAGE_DATA_ENCIPHERMENT", 
  "P993_IMAPS_TLS_TLS_CERTIFICATE_PARSED_EXTENSIONS_KEY_USAGE_CONTENT_COMMITMENT", 
  "P993_IMAPS_TLS_TLS_CERTIFICATE_PARSED_EXTENSIONS_KEY_USAGE_CERTIFICATE_SIGN", 
  "P993_IMAPS_TLS_TLS_CERTIFICATE_PARSED_EXTENSIONS_BASIC_CONSTRAINTS_IS_CA", 
  "P993_IMAPS_TLS_RUNNING_ZIMBRA", 
  "P993_IMAPS_TLS_RUNNING_XCHANGE", 
  "P993_IMAPS_TLS_RUNNING_SUN", 
  "P993_IMAPS_TLS_RUNNING_ORACLE", 
  "P993_IMAPS_TLS_RUNNING_MICROSOFT_EXCHANGE_SERVER_2003", 
  "P993_IMAPS_TLS_RUNNING_MICROSOFT", 
  "P993_IMAPS_TLS_RUNNING_MERCURY", 
  "P993_IMAPS_TLS_RUNNING_MDAEMON", 
  "P993_IMAPS_TLS_RUNNING_KERIO_CONNECT", 
  "P993_IMAPS_TLS_RUNNING_KERIO", 
  "P993_IMAPS_TLS_RUNNING_IMAP", 
  "P993_IMAPS_TLS_RUNNING_ICEWARP", 
  "P993_IMAPS_TLS_RUNNING_GROUPWISE", 
  "P993_IMAPS_TLS_RUNNING_EXCHANGE_SERVER", 
  "P993_IMAPS_TLS_RUNNING_DOVECOT", 
  "P993_IMAPS_TLS_RUNNING_CYRUS", 
  "P993_IMAPS_TLS_RUNNING_COURIER", 
  "P993_IMAPS_TLS_RUNNING_AXIGEN", 
  "P993_IMAPS_TLS_CONN_SUCCESS", 
  "P993_IMAPS_SSL_2_TLS_CERT_PAST_VALID_END_DATE", 
  "P993_IMAPS_SSL_2_SSL_2_SUPPORT", 
  "P993_IMAPS_SSL_2_CERTIFICATE_PARSED_VERSION", 
  "P993_IMAPS_SSL_2_CERTIFICATE_PARSED_SIGNATURE_SELF_SIGNED", 
  "P993_IMAPS_SSL_2_CERTIFICATE_PARSED_EXTENSIONS_KEY_USAGE_KEY_ENCIPHERMENT", 
  "P993_IMAPS_SSL_2_CERTIFICATE_PARSED_EXTENSIONS_KEY_USAGE_DIGITAL_SIGNATURE", 
  "P993_IMAPS_SSL_2_CERTIFICATE_PARSED_EXTENSIONS_BASIC_CONSTRAINTS_IS_CA", 
  "P8888_HTTP_GET_TITLE_UNAUTHORIZED", 
  "P8888_HTTP_GET_TITLE_NOT_FOUND", 
  "P8888_HTTP_GET_TITLE_IIS7", 
  "P8888_HTTP_GET_TITLE_ERROR_THE_REQUESTED_URL_COULD_NOT_BE_RETRIEVED", 
  "P8888_HTTP_GET_TITLE_404_NOT_FOUND", 
  "P8888_HTTP_GET_TITLE_403_FORBIDDEN", 
  "P8888_HTTP_GET_TITLE_401_UNAUTHORIZED", 
  "P8888_HTTP_GET_STATUS_LINE_503_SERVICE_UNAVAILABLE", 
  "P8888_HTTP_GET_STATUS_LINE_404_NOT_FOUND", 
  "P8888_HTTP_GET_STATUS_LINE_403_FORBIDDEN", 
  "P8888_HTTP_GET_STATUS_LINE_401_UNAUTHORIZED", 
  "P8888_HTTP_GET_STATUS_LINE_400_BAD_REQUEST", 
  "P8888_HTTP_GET_STATUS_LINE_302_FOUND", 
  "P8888_HTTP_GET_STATUS_LINE_200_OK", 
  "P8888_HTTP_GET_STATUS_CODE_503", 
  "P8888_HTTP_GET_STATUS_CODE_404", 
  "P8888_HTTP_GET_STATUS_CODE_403", 
  "P8888_HTTP_GET_STATUS_CODE_401", 
  "P8888_HTTP_GET_STATUS_CODE_400", 
  "P8888_HTTP_GET_STATUS_CODE_302", 
  "P8888_HTTP_GET_STATUS_CODE_200", 
  "P8888_HTTP_GET_RUNNING_ZOPE", 
  "P8888_HTTP_GET_RUNNING_TINYPROXY", 
  "P8888_HTTP_GET_RUNNING_SQUID", 
  "P8888_HTTP_GET_RUNNING_ORACLE", 
  "P8888_HTTP_GET_RUNNING_NGINX", 
  "P8888_HTTP_GET_RUNNING_MINIUPNP", 
  "P8888_HTTP_GET_RUNNING_MICROSOFT", 
  "P8888_HTTP_GET_RUNNING_LOCALHOST", 
  "P8888_HTTP_GET_RUNNING_LITESPEED", 
  "P8888_HTTP_GET_RUNNING_LINUX", 
  "P8888_HTTP_GET_RUNNING_LIGHTTPD", 
  "P8888_HTTP_GET_RUNNING_KANGLE", 
  "P8888_HTTP_GET_RUNNING_JETTY", 
  "P8888_HTTP_GET_RUNNING_IIS", 
  "P8888_HTTP_GET_RUNNING_HTTPAPI", 
  "P8888_HTTP_GET_RUNNING_COYOTE", 
  "P8888_HTTP_GET_RUNNING_APP", 
  "P8888_HTTP_GET_RUNNING_APACHE", 
  "P8888_HTTP_GET_BODY_SHA256_CE7127C38E30E92A021ED2BD09287713C6A923DB9FFDB43F12", 
  "P8888_HTTP_GET_BODY_SHA256_38FFD4972AE513A0C79A8BE4573403EDCD709F0F572105362B", 
  "P8888_HTTP_GET_BODY_SHA256_370BE45F65276B3B8DE42A29ADFB1220FC44A5E018C37E3E9B", 
  "P80_HTTP_GET_TITLE_UNKNOWN", 
  "P80_HTTP_GET_TITLE_UNAUTHORIZED", 
  "P80_HTTP_GET_TITLE_OBJECT_NOT_FOUND", 
  "P80_HTTP_GET_TITLE_NOT_FOUND", 
  "P80_HTTP_GET_TITLE_INVALID_URL", 
  "P80_HTTP_GET_TITLE_IIS7", 
  "P80_HTTP_GET_TITLE_ERROR_THE_REQUESTED_URL_COULD_NOT_BE_RETRIEVED", 
  "P80_HTTP_GET_TITLE_DIRECT_IP_ACCESS_NOT_ALLOWED_|_CLOUDFLARE", 
  "P80_HTTP_GET_TITLE_APACHE_HTTP_SERVER_TEST_PAGE_POWERED_BY_CENTOS", 
  "P80_HTTP_GET_TITLE_404_NOT_FOUND", 
  "P80_HTTP_GET_TITLE_403_FORBIDDEN", 
  "P80_HTTP_GET_TITLE_401_UNAUTHORIZED", 
  "P80_HTTP_GET_TITLE_401_NOT_AUTHORIZED", 
  "P80_HTTP_GET_TITLE_401_AUTHORIZATION_REQUIRED", 
  "P80_HTTP_GET_STATUS_LINE_UNKNOWN", 
  "P80_HTTP_GET_STATUS_LINE_503_SERVICE_UNAVAILABLE", 
  "P80_HTTP_GET_STATUS_LINE_502_BAD_GATEWAY", 
  "P80_HTTP_GET_STATUS_LINE_500_INTERNAL_SERVER_ERROR", 
  "P80_HTTP_GET_STATUS_LINE_404_NOT_FOUND", 
  "P80_HTTP_GET_STATUS_LINE_403_FORBIDDEN", 
  "P80_HTTP_GET_STATUS_LINE_401_UNAUTHORIZED", 
  "P80_HTTP_GET_STATUS_LINE_401_NOT_AUTHORIZED", 
  "P80_HTTP_GET_STATUS_LINE_401_AUTHORIZATION_REQUIRED", 
  "P80_HTTP_GET_STATUS_LINE_400_BAD_REQUEST", 
  "P80_HTTP_GET_STATUS_LINE_302_FOUND", 
  "P80_HTTP_GET_STATUS_LINE_200_OK", 
  "P80_HTTP_GET_STATUS_CODE_503", 
  "P80_HTTP_GET_STATUS_CODE_502", 
  "P80_HTTP_GET_STATUS_CODE_500", 
  "P80_HTTP_GET_STATUS_CODE_479", 
  "P80_HTTP_GET_STATUS_CODE_404", 
  "P80_HTTP_GET_STATUS_CODE_403", 
  "P80_HTTP_GET_STATUS_CODE_401", 
  "P80_HTTP_GET_STATUS_CODE_400", 
  "P80_HTTP_GET_STATUS_CODE_303", 
  "P80_HTTP_GET_STATUS_CODE_302", 
  "P80_HTTP_GET_STATUS_CODE_301", 
  "P80_HTTP_GET_STATUS_CODE_204", 
  "P80_HTTP_GET_STATUS_CODE_200", 
  "P80_HTTP_GET_RUNNING_ZOPE", 
  "P80_HTTP_GET_RUNNING_ZEUS", 
  "P80_HTTP_GET_RUNNING_XITAMI", 
  "P80_HTTP_GET_RUNNING_WEBRICK", 
  "P80_HTTP_GET_RUNNING_VIRTUOSO", 
  "P80_HTTP_GET_RUNNING_VARNISH", 
  "P80_HTTP_GET_RUNNING_UNKNOWN", 
  "P80_HTTP_GET_RUNNING_TOMCAT", 
  "P80_HTTP_GET_RUNNING_THTTPD", 
  "P80_HTTP_GET_RUNNING_TENGINE", 
  "P80_HTTP_GET_RUNNING_SQUID", 
  "P80_HTTP_GET_RUNNING_SONICWALL", 
  "P80_HTTP_GET_RUNNING_RESIN", 
  "P80_HTTP_GET_RUNNING_PWS", 
  "P80_HTTP_GET_RUNNING_ORACLE", 
  "P80_HTTP_GET_RUNNING_NGINX", 
  "P80_HTTP_GET_RUNNING_MONKEY", 
  "P80_HTTP_GET_RUNNING_MICROSOFT", 
  "P80_HTTP_GET_RUNNING_LOCALHOST", 
  "P80_HTTP_GET_RUNNING_LITESPEED", 
  "P80_HTTP_GET_RUNNING_LINUX", 
  "P80_HTTP_GET_RUNNING_LIGHTTPD", 
  "P80_HTTP_GET_RUNNING_KANGLE", 
  "P80_HTTP_GET_RUNNING_JETTY", 
  "P80_HTTP_GET_RUNNING_IPLANET", 
  "P80_HTTP_GET_RUNNING_INTEL", 
  "P80_HTTP_GET_RUNNING_IIS", 
  "P80_HTTP_GET_RUNNING_IBM", 
  "P80_HTTP_GET_RUNNING_HTTP_SERVER", 
  "P80_HTTP_GET_RUNNING_HTTPAPI", 
  "P80_HTTP_GET_RUNNING_GOAHEAD", 
  "P80_HTTP_GET_RUNNING_GLASSFISH", 
  "P80_HTTP_GET_RUNNING_DVRDVS", 
  "P80_HTTP_GET_RUNNING_DNVRS", 
  "P80_HTTP_GET_RUNNING_COYOTE", 
  "P80_HTTP_GET_RUNNING_CLOUDFRONT", 
  "P80_HTTP_GET_RUNNING_CLOUDFLARE", 
  "P80_HTTP_GET_RUNNING_CISCO", 
  "P80_HTTP_GET_RUNNING_CHEROKEE", 
  "P80_HTTP_GET_RUNNING_CENTOS", 
  "P80_HTTP_GET_RUNNING_CADDY", 
  "P80_HTTP_GET_RUNNING_BOA", 
  "P80_HTTP_GET_RUNNING_APP", 
  "P80_HTTP_GET_RUNNING_APACHE", 
  "P80_HTTP_GET_RUNNING_AOL", 
  "P80_HTTP_GET_RUNNING_AKAMAI", 
  "P80_HTTP_GET_BODY_SHA256_F33C27745F2BD87344BE790465EF984A972FD539DC83BD4F61", 
  "P80_HTTP_GET_BODY_SHA256_CE7127C38E30E92A021ED2BD09287713C6A923DB9FFDB43F12", 
  "P80_HTTP_GET_BODY_SHA256_9278D16ED2FDCD5DC651615B0B8ADC6B55FB667A9D106A9891", 
  "P80_HTTP_GET_BODY_SHA256_8B71379A4C9449B0D652659F4D7DA15D904B2744CEE3C0B17D", 
  "P80_HTTP_GET_BODY_SHA256_5A51100A730D5CA4B14540E26595B73CCE5B7CACFB3FA24359", 
  "P80_HTTP_GET_BODY_SHA256_38FFD4972AE513A0C79A8BE4573403EDCD709F0F572105362B", 
  "P80_HTTP_GET_BODY_SHA256_370BE45F65276B3B8DE42A29ADFB1220FC44A5E018C37E3E9B", 
  "P80_HTTP_GET_BODY_SHA256_2C3ADC6B6FB69D3A4E7B75B64E913DC96D21DBAF436BF69E77", 
  "P80_HTTP_GET_BODY_SHA256_29A8B2A2DBAC349F919923D25AF4F9162BC58C29B2DAAC41A5", 
  "P80_HTTP_GET_BODY_SHA256_1D08335E65DA7CF40D1C4A7BA0088E0F39B9C5A4B2E42DE95F", 
  "P8080_HTTP_GET_TITLE_UNAUTHORIZED", 
  "P8080_HTTP_GET_TITLE_NOT_FOUND", 
  "P8080_HTTP_GET_TITLE_IIS7", 
  "P8080_HTTP_GET_TITLE_ERROR_THE_REQUESTED_URL_COULD_NOT_BE_RETRIEVED", 
  "P8080_HTTP_GET_TITLE_DIRECT_IP_ACCESS_NOT_ALLOWED_|_CLOUDFLARE", 
  "P8080_HTTP_GET_TITLE_APACHE_HTTP_SERVER_TEST_PAGE_POWERED_BY_CENTOS", 
  "P8080_HTTP_GET_TITLE_404_NOT_FOUND", 
  "P8080_HTTP_GET_TITLE_403_FORBIDDEN", 
  "P8080_HTTP_GET_TITLE_401_UNAUTHORIZED", 
  "P8080_HTTP_GET_TITLE_401_NOT_AUTHORIZED", 
  "P8080_HTTP_GET_TITLE_401_AUTHORIZATION_REQUIRED", 
  "P8080_HTTP_GET_STATUS_LINE_UNKNOWN", 
  "P8080_HTTP_GET_STATUS_LINE_503_SERVICE_UNAVAILABLE", 
  "P8080_HTTP_GET_STATUS_LINE_502_BAD_GATEWAY", 
  "P8080_HTTP_GET_STATUS_LINE_500_INTERNAL_SERVER_ERROR", 
  "P8080_HTTP_GET_STATUS_LINE_404_NOT_FOUND", 
  "P8080_HTTP_GET_STATUS_LINE_404_CLIENT_ERROR", 
  "P8080_HTTP_GET_STATUS_LINE_403_FORBIDDEN", 
  "P8080_HTTP_GET_STATUS_LINE_401_UNAUTHORIZED", 
  "P8080_HTTP_GET_STATUS_LINE_401_AUTHORIZATION_REQUIRED", 
  "P8080_HTTP_GET_STATUS_LINE_400_BAD_REQUEST", 
  "P8080_HTTP_GET_STATUS_LINE_302_FOUND", 
  "P8080_HTTP_GET_STATUS_LINE_200_OK", 
  "P8080_HTTP_GET_STATUS_CODE_503", 
  "P8080_HTTP_GET_STATUS_CODE_502", 
  "P8080_HTTP_GET_STATUS_CODE_500", 
  "P8080_HTTP_GET_STATUS_CODE_404", 
  "P8080_HTTP_GET_STATUS_CODE_403", 
  "P8080_HTTP_GET_STATUS_CODE_401", 
  "P8080_HTTP_GET_STATUS_CODE_400", 
  "P8080_HTTP_GET_STATUS_CODE_302", 
  "P8080_HTTP_GET_STATUS_CODE_200", 
  "P8080_HTTP_GET_RUNNING_ZOPE", 
  "P8080_HTTP_GET_RUNNING_YAWS", 
  "P8080_HTTP_GET_RUNNING_VARNISH", 
  "P8080_HTTP_GET_RUNNING_UNKNOWN", 
  "P8080_HTTP_GET_RUNNING_TOMCAT", 
  "P8080_HTTP_GET_RUNNING_TINYPROXY", 
  "P8080_HTTP_GET_RUNNING_THTTPD", 
  "P8080_HTTP_GET_RUNNING_TENGINE", 
  "P8080_HTTP_GET_RUNNING_SQUID", 
  "P8080_HTTP_GET_RUNNING_SONICWALL", 
  "P8080_HTTP_GET_RUNNING_PWS", 
  "P8080_HTTP_GET_RUNNING_ORACLE", 
  "P8080_HTTP_GET_RUNNING_NGINX", 
  "P8080_HTTP_GET_RUNNING_MICROSOFT", 
  "P8080_HTTP_GET_RUNNING_LOCALHOST", 
  "P8080_HTTP_GET_RUNNING_LINUX", 
  "P8080_HTTP_GET_RUNNING_LIGHTTPD", 
  "P8080_HTTP_GET_RUNNING_KANGLE", 
  "P8080_HTTP_GET_RUNNING_JETTY", 
  "P8080_HTTP_GET_RUNNING_IIS", 
  "P8080_HTTP_GET_RUNNING_HTTP_SERVER", 
  "P8080_HTTP_GET_RUNNING_HTTPAPI", 
  "P8080_HTTP_GET_RUNNING_GOAHEAD", 
  "P8080_HTTP_GET_RUNNING_GLASSFISH", 
  "P8080_HTTP_GET_RUNNING_DVRDVS", 
  "P8080_HTTP_GET_RUNNING_DNVRS", 
  "P8080_HTTP_GET_RUNNING_COYOTE", 
  "P8080_HTTP_GET_RUNNING_CLOUDFLARE", 
  "P8080_HTTP_GET_RUNNING_CISCO", 
  "P8080_HTTP_GET_RUNNING_CENTOS", 
  "P8080_HTTP_GET_RUNNING_BOA", 
  "P8080_HTTP_GET_RUNNING_APP", 
  "P8080_HTTP_GET_RUNNING_APACHE", 
  "P8080_HTTP_GET_BODY_SHA256_F33C27745F2BD87344BE790465EF984A972FD539DC83BD4F61", 
  "P8080_HTTP_GET_BODY_SHA256_CE7127C38E30E92A021ED2BD09287713C6A923DB9FFDB43F12", 
  "P8080_HTTP_GET_BODY_SHA256_8B71379A4C9449B0D652659F4D7DA15D904B2744CEE3C0B17D", 
  "P8080_HTTP_GET_BODY_SHA256_5A51100A730D5CA4B14540E26595B73CCE5B7CACFB3FA24359", 
  "P8080_HTTP_GET_BODY_SHA256_38FFD4972AE513A0C79A8BE4573403EDCD709F0F572105362B", 
  "P8080_HTTP_GET_BODY_SHA256_370BE45F65276B3B8DE42A29ADFB1220FC44A5E018C37E3E9B", 
  "P8080_HTTP_GET_BODY_SHA256_2C3ADC6B6FB69D3A4E7B75B64E913DC96D21DBAF436BF69E77", 
  "P8080_HTTP_GET_BODY_SHA256_1D08335E65DA7CF40D1C4A7BA0088E0F39B9C5A4B2E42DE95F", 
  "P7547_CWMP_GET_TITLE_UNAUTHORIZED", 
  "P7547_CWMP_GET_TITLE_NOT_FOUND", 
  "P7547_CWMP_GET_TITLE_401_UNAUTHORIZED", 
  "P7547_CWMP_GET_STATUS_LINE_404_NOT_FOUND", 
  "P7547_CWMP_GET_STATUS_LINE_403_FORBIDDEN", 
  "P7547_CWMP_GET_STATUS_LINE_401_UNAUTHORIZED", 
  "P7547_CWMP_GET_STATUS_LINE_401_AUTHORIZATION_REQUIRED", 
  "P7547_CWMP_GET_STATUS_LINE_200_OK", 
  "P7547_CWMP_GET_STATUS_CODE_404", 
  "P7547_CWMP_GET_STATUS_CODE_403", 
  "P7547_CWMP_GET_STATUS_CODE_401", 
  "P7547_CWMP_GET_STATUS_CODE_301", 
  "P7547_CWMP_GET_STATUS_CODE_200", 
  "P7547_CWMP_GET_RUNNING_TR069", 
  "P7547_CWMP_GET_RUNNING_TORNADO", 
  "P7547_CWMP_GET_RUNNING_ROMPAGER", 
  "P7547_CWMP_GET_RUNNING_MICROSOFT", 
  "P7547_CWMP_GET_RUNNING_IIS", 
  "P7547_CWMP_GET_RUNNING_GSOAP", 
  "P7547_CWMP_GET_BODY_SHA256_FE164298CDC47A2C6BE40E5F9101B12EB7157387A9BCBA3CAE", 
  "P7547_CWMP_GET_BODY_SHA256_5A51100A730D5CA4B14540E26595B73CCE5B7CACFB3FA24359", 
  "P631_IPP_BANNER_VERSION_STRING_2_1", 
  "P631_IPP_BANNER_VERSION_STRING_2_0", 
  "P631_IPP_BANNER_VERSION_STRING_1_1", 
  "P631_IPP_BANNER_VERSION_STRING_1_0", 
  "P631_IPP_BANNER_SUPPORTED", 
  "P631_IPP_BANNER_CUPS_VERSION_2_2_1", 
  "P631_IPP_BANNER_CUPS_VERSION_2_2", 
  "P631_IPP_BANNER_CUPS_VERSION_2_1_3", 
  "P631_IPP_BANNER_CUPS_VERSION_2_1", 
  "P631_IPP_BANNER_CUPS_VERSION_2_0_3", 
  "P631_IPP_BANNER_CUPS_VERSION_2_0", 
  "P631_IPP_BANNER_CUPS_VERSION_1_7_2", 
  "P631_IPP_BANNER_CUPS_VERSION_1_7", 
  "P631_IPP_BANNER_CUPS_VERSION_1_6", 
  "P631_IPP_BANNER_CUPS_VERSION_1_5_3", 
  "P631_IPP_BANNER_CUPS_VERSION_1_5", 
  "P631_IPP_BANNER_CUPS_VERSION_1_4", 
  "P631_IPP_BANNER_CUPS_VERSION_1_3", 
  "P631_IPP_BANNER_CUPS_VERSION_1_2", 
  "P587_SMTP_TLS_TLS_FIELD_PRESENT", 
  "P587_SMTP_TLS_TLS_CERT_PAST_VALID_END_DATE", 
  "P587_SMTP_STARTTLS_TLS_VERSION_TLSV1_2", 
  "P587_SMTP_STARTTLS_TLS_VERSION_TLSV1_0", 
  "P587_SMTP_STARTTLS_TLS_VALIDATION_BROWSER_TRUSTED", 
  "P587_SMTP_STARTTLS_TLS_SIGNATURE_VALID", 
  "P587_SMTP_STARTTLS_TLS_SERVER_KEY_EXCHANGE_ECDH_PARAMS_CURVE_ID_ID", 
  "P587_SMTP_STARTTLS_TLS_OCSP_STAPLING", 
  "P587_SMTP_STARTTLS_TLS_CIPHER_SUITE_NAME_TLS_RSA_WITH_RC4_128_SHA", 
  "P587_SMTP_STARTTLS_TLS_CIPHER_SUITE_NAME_TLS_RSA_WITH_AES_256_CBC_SHA", 
  "P587_SMTP_STARTTLS_TLS_CIPHER_SUITE_NAME_TLS_RSA_WITH_AES_128_CBC_SHA", 
  "P587_SMTP_STARTTLS_TLS_CIPHER_SUITE_NAME_TLS_ECDHE_RSA_WITH_AES_256_CBC_SHA", 
  "P587_SMTP_STARTTLS_TLS_CIPHER_SUITE_NAME_TLS_ECDHE_RSA_WITH_AES_128_GCM_SHA256", 
  "P587_SMTP_STARTTLS_TLS_CERTIFICATE_PARSED_VERSION", 
  "P587_SMTP_STARTTLS_TLS_CERTIFICATE_PARSED_VALIDITY_LENGTH", 
  "P587_SMTP_STARTTLS_TLS_CERTIFICATE_PARSED_VALIDATION_LEVEL_UNKNOWN", 
  "P587_SMTP_STARTTLS_TLS_CERTIFICATE_PARSED_VALIDATION_LEVEL_OV", 
  "P587_SMTP_STARTTLS_TLS_CERTIFICATE_PARSED_VALIDATION_LEVEL_DV", 
  "P587_SMTP_STARTTLS_TLS_CERTIFICATE_PARSED_SIGNATURE_VALID", 
  "P587_SMTP_STARTTLS_TLS_CERTIFICATE_PARSED_SIGNATURE_SELF_SIGNED", 
  "P587_SMTP_STARTTLS_TLS_CERTIFICATE_PARSED_ISSUER_ORGANIZATION_STARFIELD", 
  "P587_SMTP_STARTTLS_TLS_CERTIFICATE_PARSED_ISSUER_ORGANIZATION_SOMEORGANIZATION", 
  "P587_SMTP_STARTTLS_TLS_CERTIFICATE_PARSED_ISSUER_ORGANIZATION_RAPIDSSL", 
  "P587_SMTP_STARTTLS_TLS_CERTIFICATE_PARSED_ISSUER_ORGANIZATION_LOCALHOST", 
  "P587_SMTP_STARTTLS_TLS_CERTIFICATE_PARSED_ISSUER_ORGANIZATION_LETS_ENCRYPT", 
  "P587_SMTP_STARTTLS_TLS_CERTIFICATE_PARSED_ISSUER_ORGANIZATION_HOME_PL", 
  "P587_SMTP_STARTTLS_TLS_CERTIFICATE_PARSED_ISSUER_ORGANIZATION_GODADDY", 
  "P587_SMTP_STARTTLS_TLS_CERTIFICATE_PARSED_ISSUER_ORGANIZATION_GLOBALSIGN", 
  "P587_SMTP_STARTTLS_TLS_CERTIFICATE_PARSED_ISSUER_ORGANIZATION_GEOTRUST", 
  "P587_SMTP_STARTTLS_TLS_CERTIFICATE_PARSED_ISSUER_ORGANIZATION_DIGICERT", 
  "P587_SMTP_STARTTLS_TLS_CERTIFICATE_PARSED_ISSUER_ORGANIZATION_CPANEL", 
  "P587_SMTP_STARTTLS_TLS_CERTIFICATE_PARSED_ISSUER_ORGANIZATION_COMODO", 
  "P587_SMTP_STARTTLS_TLS_CERTIFICATE_PARSED_ISSUER_ORGANIZATION_CISCO", 
  "P587_SMTP_STARTTLS_TLS_CERTIFICATE_PARSED_ISSUER_ORGANIZATION_ALPHASSL", 
  "P587_SMTP_STARTTLS_TLS_CERTIFICATE_PARSED_EXTENSIONS_KEY_USAGE_KEY_ENCIPHERMENT", 
  "P587_SMTP_STARTTLS_TLS_CERTIFICATE_PARSED_EXTENSIONS_KEY_USAGE_DIGITAL_SIGNATURE", 
  "P587_SMTP_STARTTLS_TLS_CERTIFICATE_PARSED_EXTENSIONS_KEY_USAGE_DATA_ENCIPHERMENT", 
  "P587_SMTP_STARTTLS_TLS_CERTIFICATE_PARSED_EXTENSIONS_KEY_USAGE_CONTENT_COMMITMENT", 
  "P587_SMTP_STARTTLS_TLS_CERTIFICATE_PARSED_EXTENSIONS_KEY_USAGE_CERTIFICATE_SIGN", 
  "P587_SMTP_STARTTLS_TLS_CERTIFICATE_PARSED_EXTENSIONS_BASIC_CONSTRAINTS_IS_CA", 
  "P587_SMTP_STARTTLS_RUNNING_XCHANGE", 
  "P587_SMTP_STARTTLS_RUNNING_SUN", 
  "P587_SMTP_STARTTLS_RUNNING_SENDMAIL", 
  "P587_SMTP_STARTTLS_RUNNING_POSTFIX", 
  "P587_SMTP_STARTTLS_RUNNING_MICROSOFT", 
  "P587_SMTP_STARTTLS_RUNNING_MERCURY", 
  "P587_SMTP_STARTTLS_RUNNING_MAILENABLE", 
  "P587_SMTP_STARTTLS_RUNNING_IRONPORT", 
  "P587_SMTP_STARTTLS_RUNNING_HMAIL", 
  "P587_SMTP_STARTTLS_RUNNING_EXIM", 
  "P587_SMTP_STARTTLS_RUNNING_EXCHANGE_SERVER", 
  "P587_SMTP_STARTTLS_CONN_SUCCESS", 
  "P5432_POSTGRES_TLS_TLS_FIELD_PRESENT", 
  "P5432_POSTGRES_BANNER_TLS_VERSION_TLSV1_2", 
  "P5432_POSTGRES_BANNER_TLS_VERSION_TLSV1_0", 
  "P5432_POSTGRES_BANNER_TLS_SIGNATURE_VALID", 
  "P5432_POSTGRES_BANNER_TLS_SERVER_KEY_EXCHANGE_ECDH_PARAMS_CURVE_ID_ID", 
  "P5432_POSTGRES_BANNER_TLS_CIPHER_SUITE_NAME_TLS_RSA_WITH_RC4_128_SHA", 
  "P5432_POSTGRES_BANNER_TLS_CIPHER_SUITE_NAME_TLS_RSA_WITH_AES_128_CBC_SHA", 
  "P5432_POSTGRES_BANNER_TLS_CIPHER_SUITE_NAME_TLS_ECDHE_RSA_WITH_AES_256_CBC_SHA", 
  "P5432_POSTGRES_BANNER_TLS_CERTIFICATE_PARSED_VERSION", 
  "P5432_POSTGRES_BANNER_TLS_CERTIFICATE_PARSED_VALIDITY_LENGTH", 
  "P5432_POSTGRES_BANNER_TLS_CERTIFICATE_PARSED_VALIDATION_LEVEL_UNKNOWN", 
  "P5432_POSTGRES_BANNER_TLS_CERTIFICATE_PARSED_VALIDATION_LEVEL_OV", 
  "P5432_POSTGRES_BANNER_TLS_CERTIFICATE_PARSED_SIGNATURE_VALID", 
  "P5432_POSTGRES_BANNER_TLS_CERTIFICATE_PARSED_SIGNATURE_SELF_SIGNED", 
  "P5432_POSTGRES_BANNER_TLS_CERTIFICATE_PARSED_ISSUER_ORGANIZATION_AMAZON", 
  "P5432_POSTGRES_BANNER_TLS_CERTIFICATE_PARSED_EXTENSIONS_KEY_USAGE_KEY_ENCIPHERMENT", 
  "P5432_POSTGRES_BANNER_TLS_CERTIFICATE_PARSED_EXTENSIONS_KEY_USAGE_DIGITAL_SIGNATURE", 
  "P5432_POSTGRES_BANNER_TLS_CERTIFICATE_PARSED_EXTENSIONS_BASIC_CONSTRAINTS_IS_CA", 
  "P5432_POSTGRES_BANNER_SUPPORTED_VERSIONS_3_0", 
  "P5432_POSTGRES_BANNER_SUPPORTED_VERSIONS_2_0", 
  "P5432_POSTGRES_BANNER_SUPPORTED_VERSIONS_1_0", 
  "P5432_POSTGRES_BANNER_SUPPORTED", 
  "P5432_POSTGRES_BANNER_STARTUP_ERROR_SEVERITY_FATAL", 
  "P5432_POSTGRES_BANNER_STARTUP_ERROR_ROUTINE_PROCESSSTARTUPPACKET", 
  "P5432_POSTGRES_BANNER_STARTUP_ERROR_LINE", 
  "P5432_POSTGRES_BANNER_STARTUP_ERROR_FILE_POSTMASTER_C", 
  "P5432_POSTGRES_BANNER_PROTOCOL_ERROR_SEVERITY_FATAL", 
  "P5432_POSTGRES_BANNER_PROTOCOL_ERROR_ROUTINE_PROCESSSTARTUPPACKET", 
  "P5432_POSTGRES_BANNER_PROTOCOL_ERROR_LINE", 
  "P5432_POSTGRES_BANNER_PROTOCOL_ERROR_FILE_POSTMASTER_C", 
  "P5432_POSTGRES_BANNER_IS_SSL", 
  "P53_DNS_LOOKUP_SUPPORT", 
  "P53_DNS_LOOKUP_RESOLVES_CORRECTLY", 
  "P53_DNS_LOOKUP_OPEN_RESOLVER", 
  "P53_DNS_LOOKUP_ERRORS", 
  "P502_MODBUS_DEVICE_ID_SUPPORT", 
  "P502_MODBUS_DEVICE_ID_METADATA_DESCRIPTION_SCHNEIDER", 
  "P502_MODBUS_DEVICE_ID_MEI_RESPONSE_CONFORMITY_LEVEL", 
  "P502_MODBUS_DEVICE_ID_FUNCTION_CODE", 
  "P47808_BACNET_DEVICE_ID_VENDOR_ID", 
  "P47808_BACNET_DEVICE_ID_SUPPORT", 
  "P47808_BACNET_DEVICE_ID_RUNNING_WEBCTRL_SERVER", 
  "P47808_BACNET_DEVICE_ID_RUNNING_WEBCTRL_500", 
  "P47808_BACNET_DEVICE_ID_RUNNING_WEBCTRL_249999", 
  "P47808_BACNET_DEVICE_ID_RUNNING_WC17", 
  "P47808_BACNET_DEVICE_ID_RUNNING_V3_40", 
  "P47808_BACNET_DEVICE_ID_RUNNING_UNITED", 
  "P47808_BACNET_DEVICE_ID_RUNNING_TRIDIUM", 
  "P47808_BACNET_DEVICE_ID_RUNNING_TRIACTA", 
  "P47808_BACNET_DEVICE_ID_RUNNING_TRANE", 
  "P47808_BACNET_DEVICE_ID_RUNNING_TRACER", 
  "P47808_BACNET_DEVICE_ID_RUNNING_TAC", 
  "P47808_BACNET_DEVICE_ID_RUNNING_SIEMENS", 
  "P47808_BACNET_DEVICE_ID_RUNNING_SCHNEIDER", 
  "P47808_BACNET_DEVICE_ID_RUNNING_ROUTER", 
  "P47808_BACNET_DEVICE_ID_RUNNING_RELIABLE_CONTROLS", 
  "P47808_BACNET_DEVICE_ID_RUNNING_PV17", 
  "P47808_BACNET_DEVICE_ID_RUNNING_POWER_METER", 
  "P47808_BACNET_DEVICE_ID_RUNNING_OBVIUS", 
  "P47808_BACNET_DEVICE_ID_RUNNING_NIAGARAAX", 
  "P47808_BACNET_DEVICE_ID_RUNNING_NIAGARA4", 
  "P47808_BACNET_DEVICE_ID_RUNNING_NAE", 
  "P47808_BACNET_DEVICE_ID_RUNNING_MITSUBISHI", 
  "P47808_BACNET_DEVICE_ID_RUNNING_MCQUAY_INTERNATIONAL", 
  "P47808_BACNET_DEVICE_ID_RUNNING_MACH_PRO", 
  "P47808_BACNET_DEVICE_ID_RUNNING_LOYTEC_ELECTRONICS", 
  "P47808_BACNET_DEVICE_ID_RUNNING_LOCAL_BACNET_DEVICE_OBJECT", 
  "P47808_BACNET_DEVICE_ID_RUNNING_JOHNSON_CONTROLS", 
  "P47808_BACNET_DEVICE_ID_RUNNING_JCI", 
  "P47808_BACNET_DEVICE_ID_RUNNING_I_VU_STANDARD", 
  "P47808_BACNET_DEVICE_ID_RUNNING_I_VU_PLUS", 
  "P47808_BACNET_DEVICE_ID_RUNNING_I_VU", 
  "P47808_BACNET_DEVICE_ID_RUNNING_HONEYWELL", 
  "P47808_BACNET_DEVICE_ID_RUNNING_FIELDSERVER", 
  "P47808_BACNET_DEVICE_ID_RUNNING_ENS_1", 
  "P47808_BACNET_DEVICE_ID_RUNNING_EMERSON_NETWORK_POWER", 
  "P47808_BACNET_DEVICE_ID_RUNNING_EATON", 
  "P47808_BACNET_DEVICE_ID_RUNNING_DISTECH_CON", 
  "P47808_BACNET_DEVICE_ID_RUNNING_DEVICE", 
  "P47808_BACNET_DEVICE_ID_RUNNING_DEV2401", 
  "P47808_BACNET_DEVICE_ID_RUNNING_DESC", 
  "P47808_BACNET_DEVICE_ID_RUNNING_DELTA", 
  "P47808_BACNET_DEVICE_ID_RUNNING_DEFAULT_DESCRIPTION", 
  "P47808_BACNET_DEVICE_ID_RUNNING_CUSTOM_SOFTWARE_ENGINEERING", 
  "P47808_BACNET_DEVICE_ID_RUNNING_CONTROL", 
  "P47808_BACNET_DEVICE_ID_RUNNING_CARRIER", 
  "P47808_BACNET_DEVICE_ID_RUNNING_BASRT_B", 
  "P47808_BACNET_DEVICE_ID_RUNNING_BACNET_STACK_AT_SOURCEFORGE", 
  "P47808_BACNET_DEVICE_ID_RUNNING_BACNET_DEVICE", 
  "P47808_BACNET_DEVICE_ID_RUNNING_BACNETIP_TO_MSTP_ROUTER", 
  "P47808_BACNET_DEVICE_ID_RUNNING_AUTOMATED_LOGIC_CORPORATION", 
  "P47808_BACNET_DEVICE_ID_RUNNING_7_0", 
  "P47808_BACNET_DEVICE_ID_RUNNING_6_5", 
  "P47808_BACNET_DEVICE_ID_RUNNING_6_1", 
  "P47808_BACNET_DEVICE_ID_RUNNING_6_0", 
  "P47808_BACNET_DEVICE_ID_RUNNING_3_1", 
  "P47808_BACNET_DEVICE_ID_RUNNING_2_6", 
  "P47808_BACNET_DEVICE_ID_RUNNING_2_10", 
  "P47808_BACNET_DEVICE_ID_RUNNING_2_0", 
  "P47808_BACNET_DEVICE_ID_RUNNING_1_4", 
  "P47808_BACNET_DEVICE_ID_RUNNING_1_0", 
  "P47808_BACNET_DEVICE_ID_INSTANCE_NUMBER", 
  "P445_SMB_BANNER_SMBV1_SUPPORT", 
  "P443_HTTPS_TLS_VERSION_TLSV1_2", 
  "P443_HTTPS_TLS_VERSION_TLSV1_1", 
  "P443_HTTPS_TLS_VERSION_TLSV1_0", 
  "P443_HTTPS_TLS_VERSION_SSLV3", 
  "P443_HTTPS_TLS_VALIDATION_BROWSER_TRUSTED", 
  "P443_HTTPS_TLS_TLS_FIELD_PRESENT", 
  "P443_HTTPS_TLS_TLS_CERT_PAST_VALID_END_DATE", 
  "P443_HTTPS_TLS_SIGNATURE_VALID", 
  "P443_HTTPS_TLS_SESSION_TICKET_LIFETIME_HINT", 
  "P443_HTTPS_TLS_SESSION_TICKET_LENGTH", 
  "P443_HTTPS_TLS_SERVER_KEY_EXCHANGE_ECDH_PARAMS_CURVE_ID_ID", 
  "P443_HTTPS_TLS_SERVER_KEY_EXCHANGE_DH_PARAMS_PRIME_LENGTH", 
  "P443_HTTPS_TLS_SERVER_KEY_EXCHANGE_DH_PARAMS_GENERATOR_LENGTH", 
  "P443_HTTPS_TLS_OCSP_STAPLING", 
  "P443_HTTPS_TLS_CIPHER_SUITE_NAME_TLS_RSA_WITH_RC4_128_SHA", 
  "P443_HTTPS_TLS_CIPHER_SUITE_NAME_TLS_RSA_WITH_AES_256_CBC_SHA", 
  "P443_HTTPS_TLS_CIPHER_SUITE_NAME_TLS_RSA_WITH_AES_128_GCM_SHA256", 
  "P443_HTTPS_TLS_CIPHER_SUITE_NAME_TLS_RSA_WITH_AES_128_CBC_SHA", 
  "P443_HTTPS_TLS_CIPHER_SUITE_NAME_TLS_ECDHE_RSA_WITH_CHACHA20_POLY1305_SHA256", 
  "P443_HTTPS_TLS_CIPHER_SUITE_NAME_TLS_ECDHE_RSA_WITH_AES_256_CBC_SHA", 
  "P443_HTTPS_TLS_CIPHER_SUITE_NAME_TLS_ECDHE_RSA_WITH_AES_128_GCM_SHA256", 
  "P443_HTTPS_TLS_CIPHER_SUITE_NAME_TLS_ECDHE_ECDSA_WITH_AES_128_GCM_SHA256", 
  "P443_HTTPS_TLS_CIPHER_SUITE_NAME_TLS_DHE_RSA_WITH_AES_256_CBC_SHA", 
  "P443_HTTPS_TLS_CIPHER_SUITE_NAME_TLS_DHE_RSA_WITH_AES_128_GCM_SHA256", 
  "P443_HTTPS_TLS_CERTIFICATE_PARSED_VERSION", 
  "P443_HTTPS_TLS_CERTIFICATE_PARSED_VALIDITY_LENGTH", 
  "P443_HTTPS_TLS_CERTIFICATE_PARSED_VALIDATION_LEVEL_UNKNOWN", 
  "P443_HTTPS_TLS_CERTIFICATE_PARSED_VALIDATION_LEVEL_OV", 
  "P443_HTTPS_TLS_CERTIFICATE_PARSED_VALIDATION_LEVEL_EV", 
  "P443_HTTPS_TLS_CERTIFICATE_PARSED_VALIDATION_LEVEL_DV", 
  "P443_HTTPS_TLS_CERTIFICATE_PARSED_SIGNATURE_VALID", 
  "P443_HTTPS_TLS_CERTIFICATE_PARSED_SIGNATURE_SELF_SIGNED", 
  "P443_HTTPS_TLS_CERTIFICATE_PARSED_ISSUER_ORGANIZATION_WATCHGUARD", 
  "P443_HTTPS_TLS_CERTIFICATE_PARSED_ISSUER_ORGANIZATION_UNKNOWN", 
  "P443_HTTPS_TLS_CERTIFICATE_PARSED_ISSUER_ORGANIZATION_UBIQUITI", 
  "P443_HTTPS_TLS_CERTIFICATE_PARSED_ISSUER_ORGANIZATION_TRUSTASIA", 
  "P443_HTTPS_TLS_CERTIFICATE_PARSED_ISSUER_ORGANIZATION_STARFIELD", 
  "P443_HTTPS_TLS_CERTIFICATE_PARSED_ISSUER_ORGANIZATION_SONICWALL", 
  "P443_HTTPS_TLS_CERTIFICATE_PARSED_ISSUER_ORGANIZATION_SOMEORGANIZATION", 
  "P443_HTTPS_TLS_CERTIFICATE_PARSED_ISSUER_ORGANIZATION_RAPIDSSL", 
  "P443_HTTPS_TLS_CERTIFICATE_PARSED_ISSUER_ORGANIZATION_MOTOROLA", 
  "P443_HTTPS_TLS_CERTIFICATE_PARSED_ISSUER_ORGANIZATION_MINI_WEBSERVICE", 
  "P443_HTTPS_TLS_CERTIFICATE_PARSED_ISSUER_ORGANIZATION_MICROSOFT", 
  "P443_HTTPS_TLS_CERTIFICATE_PARSED_ISSUER_ORGANIZATION_LOCALHOST", 
  "P443_HTTPS_TLS_CERTIFICATE_PARSED_ISSUER_ORGANIZATION_LETS_ENCRYPT", 
  "P443_HTTPS_TLS_CERTIFICATE_PARSED_ISSUER_ORGANIZATION_HUAWEI", 
  "P443_HTTPS_TLS_CERTIFICATE_PARSED_ISSUER_ORGANIZATION_HOME_PL", 
  "P443_HTTPS_TLS_CERTIFICATE_PARSED_ISSUER_ORGANIZATION_GOOGLE", 
  "P443_HTTPS_TLS_CERTIFICATE_PARSED_ISSUER_ORGANIZATION_GODADDY", 
  "P443_HTTPS_TLS_CERTIFICATE_PARSED_ISSUER_ORGANIZATION_GLOBALSIGN", 
  "P443_HTTPS_TLS_CERTIFICATE_PARSED_ISSUER_ORGANIZATION_GEOTRUST", 
  "P443_HTTPS_TLS_CERTIFICATE_PARSED_ISSUER_ORGANIZATION_FORTINET", 
  "P443_HTTPS_TLS_CERTIFICATE_PARSED_ISSUER_ORGANIZATION_ENTRUST", 
  "P443_HTTPS_TLS_CERTIFICATE_PARSED_ISSUER_ORGANIZATION_DRAYTEK", 
  "P443_HTTPS_TLS_CERTIFICATE_PARSED_ISSUER_ORGANIZATION_DIGICERT", 
  "P443_HTTPS_TLS_CERTIFICATE_PARSED_ISSUER_ORGANIZATION_CPANEL", 
  "P443_HTTPS_TLS_CERTIFICATE_PARSED_ISSUER_ORGANIZATION_COMODO", 
  "P443_HTTPS_TLS_CERTIFICATE_PARSED_ISSUER_ORGANIZATION_CISCO", 
  "P443_HTTPS_TLS_CERTIFICATE_PARSED_ISSUER_ORGANIZATION_BMS", 
  "P443_HTTPS_TLS_CERTIFICATE_PARSED_ISSUER_ORGANIZATION_AMAZON", 
  "P443_HTTPS_TLS_CERTIFICATE_PARSED_ISSUER_ORGANIZATION_ALPHASSL", 
  "P443_HTTPS_TLS_CERTIFICATE_PARSED_EXTENSIONS_KEY_USAGE_KEY_ENCIPHERMENT", 
  "P443_HTTPS_TLS_CERTIFICATE_PARSED_EXTENSIONS_KEY_USAGE_KEY_AGREEMENT", 
  "P443_HTTPS_TLS_CERTIFICATE_PARSED_EXTENSIONS_KEY_USAGE_ENCIPHER_ONLY", 
  "P443_HTTPS_TLS_CERTIFICATE_PARSED_EXTENSIONS_KEY_USAGE_DIGITAL_SIGNATURE", 
  "P443_HTTPS_TLS_CERTIFICATE_PARSED_EXTENSIONS_KEY_USAGE_DECIPHER_ONLY", 
  "P443_HTTPS_TLS_CERTIFICATE_PARSED_EXTENSIONS_KEY_USAGE_DATA_ENCIPHERMENT", 
  "P443_HTTPS_TLS_CERTIFICATE_PARSED_EXTENSIONS_KEY_USAGE_CRL_SIGN", 
  "P443_HTTPS_TLS_CERTIFICATE_PARSED_EXTENSIONS_KEY_USAGE_CONTENT_COMMITMENT", 
  "P443_HTTPS_TLS_CERTIFICATE_PARSED_EXTENSIONS_KEY_USAGE_CERTIFICATE_SIGN", 
  "P443_HTTPS_TLS_CERTIFICATE_PARSED_EXTENSIONS_BASIC_CONSTRAINTS_MAX_PATH_LEN", 
  "P443_HTTPS_TLS_CERTIFICATE_PARSED_EXTENSIONS_BASIC_CONSTRAINTS_IS_CA", 
  "P443_HTTPS_SSL_3_SUPPORT", 
  "P443_HTTPS_SSL_2_TLS_CERT_PAST_VALID_END_DATE", 
  "P443_HTTPS_SSL_2_SUPPORT", 
  "P443_HTTPS_SSL_2_SSL_2_SUPPORT", 
  "P443_HTTPS_SSL_2_EXTRA_CLEAR", 
  "P443_HTTPS_SSL_2_EXPORT", 
  "P443_HTTPS_SSL_2_CERTIFICATE_PARSED_VERSION", 
  "P443_HTTPS_SSL_2_CERTIFICATE_PARSED_SIGNATURE_SELF_SIGNED", 
  "P443_HTTPS_SSL_2_CERTIFICATE_PARSED_ISSUER_ORGANIZATION_STARFIELD", 
  "P443_HTTPS_SSL_2_CERTIFICATE_PARSED_ISSUER_ORGANIZATION_SOMEORGANIZATION", 
  "P443_HTTPS_SSL_2_CERTIFICATE_PARSED_ISSUER_ORGANIZATION_RAPIDSSL", 
  "P443_HTTPS_SSL_2_CERTIFICATE_PARSED_ISSUER_ORGANIZATION_LOCALHOST", 
  "P443_HTTPS_SSL_2_CERTIFICATE_PARSED_ISSUER_ORGANIZATION_GOOGLE", 
  "P443_HTTPS_SSL_2_CERTIFICATE_PARSED_ISSUER_ORGANIZATION_GODADDY", 
  "P443_HTTPS_SSL_2_CERTIFICATE_PARSED_ISSUER_ORGANIZATION_GLOBALSIGN", 
  "P443_HTTPS_SSL_2_CERTIFICATE_PARSED_ISSUER_ORGANIZATION_GEOTRUST", 
  "P443_HTTPS_SSL_2_CERTIFICATE_PARSED_ISSUER_ORGANIZATION_ENTRUST", 
  "P443_HTTPS_SSL_2_CERTIFICATE_PARSED_ISSUER_ORGANIZATION_DIGICERT", 
  "P443_HTTPS_SSL_2_CERTIFICATE_PARSED_ISSUER_ORGANIZATION_COMODO", 
  "P443_HTTPS_SSL_2_CERTIFICATE_PARSED_ISSUER_ORGANIZATION_CISCO", 
  "P443_HTTPS_SSL_2_CERTIFICATE_PARSED_ISSUER_ORGANIZATION_ALPHASSL", 
  "P443_HTTPS_SSL_2_CERTIFICATE_PARSED_EXTENSIONS_KEY_USAGE_KEY_ENCIPHERMENT", 
  "P443_HTTPS_SSL_2_CERTIFICATE_PARSED_EXTENSIONS_KEY_USAGE_KEY_AGREEMENT", 
  "P443_HTTPS_SSL_2_CERTIFICATE_PARSED_EXTENSIONS_KEY_USAGE_DIGITAL_SIGNATURE", 
  "P443_HTTPS_SSL_2_CERTIFICATE_PARSED_EXTENSIONS_KEY_USAGE_DATA_ENCIPHERMENT", 
  "P443_HTTPS_SSL_2_CERTIFICATE_PARSED_EXTENSIONS_KEY_USAGE_CONTENT_COMMITMENT", 
  "P443_HTTPS_SSL_2_CERTIFICATE_PARSED_EXTENSIONS_KEY_USAGE_CERTIFICATE_SIGN", 
  "P443_HTTPS_SSL_2_CERTIFICATE_PARSED_EXTENSIONS_BASIC_CONSTRAINTS_MAX_PATH_LEN", 
  "P443_HTTPS_SSL_2_CERTIFICATE_PARSED_EXTENSIONS_BASIC_CONSTRAINTS_IS_CA", 
  "P443_HTTPS_RSA_EXPORT_SUPPORT", 
  "P443_HTTPS_RSA_EXPORT_RSA_PARAMS_LENGTH", 
  "P443_HTTPS_HEARTBLEED_VULNERABLE", 
  "P443_HTTPS_HEARTBEAT_ENABLED", 
  "P443_HTTPS_DHE_SUPPORT", 
  "P443_HTTPS_DHE_EXPORT_SUPPORT", 
  "P443_HTTPS_DHE_EXPORT_DH_PARAMS_PRIME_LENGTH", 
  "P443_HTTPS_DHE_EXPORT_DH_PARAMS_GENERATOR_LENGTH", 
  "P443_HTTPS_DHE_DH_PARAMS_PRIME_LENGTH", 
  "P443_HTTPS_DHE_DH_PARAMS_GENERATOR_LENGTH", 
  "P3306_MYSQL_BANNER_TLS_VERSION_TLSV1_2", 
  "P3306_MYSQL_BANNER_TLS_VERSION_TLSV1_1", 
  "P3306_MYSQL_BANNER_TLS_VERSION_TLSV1_0", 
  "P3306_MYSQL_BANNER_TLS_VALIDATION_BROWSER_TRUSTED", 
  "P3306_MYSQL_BANNER_TLS_TLS_FIELD_PRESENT", 
  "P3306_MYSQL_BANNER_TLS_SIGNATURE_VALID", 
  "P3306_MYSQL_BANNER_TLS_SERVER_KEY_EXCHANGE_ECDH_PARAMS_CURVE_ID_ID", 
  "P3306_MYSQL_BANNER_TLS_CIPHER_SUITE_NAME_TLS_RSA_WITH_RC4_128_SHA", 
  "P3306_MYSQL_BANNER_TLS_CIPHER_SUITE_NAME_TLS_RSA_WITH_AES_256_CBC_SHA", 
  "P3306_MYSQL_BANNER_TLS_CIPHER_SUITE_NAME_TLS_RSA_WITH_AES_128_CBC_SHA", 
  "P3306_MYSQL_BANNER_TLS_CIPHER_SUITE_NAME_TLS_ECDHE_RSA_WITH_AES_128_GCM_SHA256", 
  "P3306_MYSQL_BANNER_TLS_CERTIFICATE_PARSED_VERSION", 
  "P3306_MYSQL_BANNER_TLS_CERTIFICATE_PARSED_VALIDITY_LENGTH", 
  "P3306_MYSQL_BANNER_TLS_CERTIFICATE_PARSED_VALIDATION_LEVEL_UNKNOWN", 
  "P3306_MYSQL_BANNER_TLS_CERTIFICATE_PARSED_VALIDATION_LEVEL_DV", 
  "P3306_MYSQL_BANNER_TLS_CERTIFICATE_PARSED_SIGNATURE_VALID", 
  "P3306_MYSQL_BANNER_TLS_CERTIFICATE_PARSED_ISSUER_ORGANIZATION_LETS_ENCRYPT", 
  "P3306_MYSQL_BANNER_TLS_CERTIFICATE_PARSED_ISSUER_ORGANIZATION_COMODO", 
  "P3306_MYSQL_BANNER_TLS_CERTIFICATE_PARSED_ISSUER_ORGANIZATION_AMAZON", 
  "P3306_MYSQL_BANNER_TLS_CERTIFICATE_PARSED_EXTENSIONS_KEY_USAGE_KEY_ENCIPHERMENT", 
  "P3306_MYSQL_BANNER_TLS_CERTIFICATE_PARSED_EXTENSIONS_KEY_USAGE_DIGITAL_SIGNATURE", 
  "P3306_MYSQL_BANNER_TLS_CERTIFICATE_PARSED_EXTENSIONS_BASIC_CONSTRAINTS_IS_CA", 
  "P3306_MYSQL_BANNER_SUPPORT", 
  "P3306_MYSQL_BANNER_STATUS_FLAGS_SERVER_STATUS_AUTOCOMMIT", 
  "P3306_MYSQL_BANNER_SERVER_VERSION_8_0", 
  "P3306_MYSQL_BANNER_SERVER_VERSION_6_0", 
  "P3306_MYSQL_BANNER_SERVER_VERSION_5_7", 
  "P3306_MYSQL_BANNER_SERVER_VERSION_5_6", 
  "P3306_MYSQL_BANNER_SERVER_VERSION_5_5", 
  "P3306_MYSQL_BANNER_SERVER_VERSION_5_1", 
  "P3306_MYSQL_BANNER_SERVER_VERSION_5_0", 
  "P3306_MYSQL_BANNER_SERVER_VERSION_4_2", 
  "P3306_MYSQL_BANNER_SERVER_VERSION_4_1", 
  "P3306_MYSQL_BANNER_SERVER_VERSION_4_0", 
  "P3306_MYSQL_BANNER_SERVER_VERSION_3_2", 
  "P3306_MYSQL_BANNER_SERVER_VERSION_3_1", 
  "P3306_MYSQL_BANNER_PROTOCOL_VERSION", 
  "P3306_MYSQL_BANNER_ERROR_MESSAGE_NOT_ALLOWED_TO_CONNECT_TO_THIS_MYSQL_SERVER", 
  "P3306_MYSQL_BANNER_ERROR_MESSAGE_NOT_ALLOWED_TO_CONNECT_TO_THIS_MARIADB_SERVER", 
  "P3306_MYSQL_BANNER_ERROR_MESSAGE_BLOCKED_BECAUSE_OF_MANY_CONNECTION_ERRORS", 
  "P3306_MYSQL_BANNER_ERROR_ID_ER_HOST_NOT_PRIVILEGED", 
  "P3306_MYSQL_BANNER_ERROR_ID_ER_HOST_IS_BLOCKED", 
  "P3306_MYSQL_BANNER_ERROR_CODE", 
  "P3306_MYSQL_BANNER_CAPABILITY_FLAGS_CLIENT_TRANSACTIONS", 
  "P3306_MYSQL_BANNER_CAPABILITY_FLAGS_CLIENT_SSL", 
  "P3306_MYSQL_BANNER_CAPABILITY_FLAGS_CLIENT_SESSION_TRACK", 
  "P3306_MYSQL_BANNER_CAPABILITY_FLAGS_CLIENT_SECURE_CONNECTION", 
  "P3306_MYSQL_BANNER_CAPABILITY_FLAGS_CLIENT_RESERVED", 
  "P3306_MYSQL_BANNER_CAPABILITY_FLAGS_CLIENT_PS_MULTI_RESULTS", 
  "P3306_MYSQL_BANNER_CAPABILITY_FLAGS_CLIENT_PROTOCOL_41", 
  "P3306_MYSQL_BANNER_CAPABILITY_FLAGS_CLIENT_PLUGIN_AUTH_LEN_ENC_CLIENT_DATA", 
  "P3306_MYSQL_BANNER_CAPABILITY_FLAGS_CLIENT_PLUGIN_AUTH", 
  "P3306_MYSQL_BANNER_CAPABILITY_FLAGS_CLIENT_ODBC", 
  "P3306_MYSQL_BANNER_CAPABILITY_FLAGS_CLIENT_NO_SCHEMA", 
  "P3306_MYSQL_BANNER_CAPABILITY_FLAGS_CLIENT_MULTI_STATEMENTS", 
  "P3306_MYSQL_BANNER_CAPABILITY_FLAGS_CLIENT_MULTI_RESULTS", 
  "P3306_MYSQL_BANNER_CAPABILITY_FLAGS_CLIENT_LONG_PASSWORD", 
  "P3306_MYSQL_BANNER_CAPABILITY_FLAGS_CLIENT_LONG_FLAG", 
  "P3306_MYSQL_BANNER_CAPABILITY_FLAGS_CLIENT_LOCAL_FILES", 
  "P3306_MYSQL_BANNER_CAPABILITY_FLAGS_CLIENT_INTERACTIVE", 
  "P3306_MYSQL_BANNER_CAPABILITY_FLAGS_CLIENT_IGNORE_SPACE", 
  "P3306_MYSQL_BANNER_CAPABILITY_FLAGS_CLIENT_IGNORE_SIGPIPE", 
  "P3306_MYSQL_BANNER_CAPABILITY_FLAGS_CLIENT_FOUND_ROWS", 
  "P3306_MYSQL_BANNER_CAPABILITY_FLAGS_CLIENT_DEPRECATED_EOF", 
  "P3306_MYSQL_BANNER_CAPABILITY_FLAGS_CLIENT_CONNECT_WITH_DB", 
  "P3306_MYSQL_BANNER_CAPABILITY_FLAGS_CLIENT_CONNECT_ATTRS", 
  "P3306_MYSQL_BANNER_CAPABILITY_FLAGS_CLIENT_COMPRESS", 
  "P3306_MYSQL_BANNER_CAPABILITY_FLAGS_CLIENT_CAN_HANDLE_EXPIRED_PASSWORDS", 
  "P25_SMTP_TLS_TLS_FIELD_PRESENT", 
  "P25_SMTP_TLS_TLS_CERT_PAST_VALID_END_DATE", 
  "P25_SMTP_STARTTLS_TLS_VERSION_TLSV1_2", 
  "P25_SMTP_STARTTLS_TLS_VERSION_TLSV1_1", 
  "P25_SMTP_STARTTLS_TLS_VERSION_TLSV1_0", 
  "P25_SMTP_STARTTLS_TLS_VALIDATION_BROWSER_TRUSTED", 
  "P25_SMTP_STARTTLS_TLS_SIGNATURE_VALID", 
  "P25_SMTP_STARTTLS_TLS_SERVER_KEY_EXCHANGE_ECDH_PARAMS_CURVE_ID_ID", 
  "P25_SMTP_STARTTLS_TLS_OCSP_STAPLING", 
  "P25_SMTP_STARTTLS_TLS_CIPHER_SUITE_NAME_TLS_RSA_WITH_RC4_128_SHA", 
  "P25_SMTP_STARTTLS_TLS_CIPHER_SUITE_NAME_TLS_RSA_WITH_AES_256_CBC_SHA", 
  "P25_SMTP_STARTTLS_TLS_CIPHER_SUITE_NAME_TLS_RSA_WITH_AES_128_CBC_SHA", 
  "P25_SMTP_STARTTLS_TLS_CIPHER_SUITE_NAME_TLS_ECDHE_RSA_WITH_AES_256_CBC_SHA", 
  "P25_SMTP_STARTTLS_TLS_CIPHER_SUITE_NAME_TLS_ECDHE_RSA_WITH_AES_128_GCM_SHA256", 
  "P25_SMTP_STARTTLS_TLS_CIPHER_SUITE_NAME_TLS_ECDHE_ECDSA_WITH_AES_128_GCM_SHA256", 
  "P25_SMTP_STARTTLS_TLS_CERTIFICATE_PARSED_VERSION", 
  "P25_SMTP_STARTTLS_TLS_CERTIFICATE_PARSED_VALIDITY_LENGTH", 
  "P25_SMTP_STARTTLS_TLS_CERTIFICATE_PARSED_VALIDATION_LEVEL_UNKNOWN", 
  "P25_SMTP_STARTTLS_TLS_CERTIFICATE_PARSED_VALIDATION_LEVEL_OV", 
  "P25_SMTP_STARTTLS_TLS_CERTIFICATE_PARSED_VALIDATION_LEVEL_EV", 
  "P25_SMTP_STARTTLS_TLS_CERTIFICATE_PARSED_VALIDATION_LEVEL_DV", 
  "P25_SMTP_STARTTLS_TLS_CERTIFICATE_PARSED_SIGNATURE_VALID", 
  "P25_SMTP_STARTTLS_TLS_CERTIFICATE_PARSED_SIGNATURE_SELF_SIGNED", 
  "P25_SMTP_STARTTLS_TLS_CERTIFICATE_PARSED_ISSUER_ORGANIZATION_WATCHGUARD", 
  "P25_SMTP_STARTTLS_TLS_CERTIFICATE_PARSED_ISSUER_ORGANIZATION_UNKNOWN", 
  "P25_SMTP_STARTTLS_TLS_CERTIFICATE_PARSED_ISSUER_ORGANIZATION_STARFIELD", 
  "P25_SMTP_STARTTLS_TLS_CERTIFICATE_PARSED_ISSUER_ORGANIZATION_SONICWALL", 
  "P25_SMTP_STARTTLS_TLS_CERTIFICATE_PARSED_ISSUER_ORGANIZATION_SOMEORGANIZATION", 
  "P25_SMTP_STARTTLS_TLS_CERTIFICATE_PARSED_ISSUER_ORGANIZATION_RAPIDSSL", 
  "P25_SMTP_STARTTLS_TLS_CERTIFICATE_PARSED_ISSUER_ORGANIZATION_LOCALHOST", 
  "P25_SMTP_STARTTLS_TLS_CERTIFICATE_PARSED_ISSUER_ORGANIZATION_LETS_ENCRYPT", 
  "P25_SMTP_STARTTLS_TLS_CERTIFICATE_PARSED_ISSUER_ORGANIZATION_HOME_PL", 
  "P25_SMTP_STARTTLS_TLS_CERTIFICATE_PARSED_ISSUER_ORGANIZATION_GODADDY", 
  "P25_SMTP_STARTTLS_TLS_CERTIFICATE_PARSED_ISSUER_ORGANIZATION_GLOBALSIGN", 
  "P25_SMTP_STARTTLS_TLS_CERTIFICATE_PARSED_ISSUER_ORGANIZATION_GEOTRUST", 
  "P25_SMTP_STARTTLS_TLS_CERTIFICATE_PARSED_ISSUER_ORGANIZATION_FORTINET", 
  "P25_SMTP_STARTTLS_TLS_CERTIFICATE_PARSED_ISSUER_ORGANIZATION_ENTRUST", 
  "P25_SMTP_STARTTLS_TLS_CERTIFICATE_PARSED_ISSUER_ORGANIZATION_DIGICERT", 
  "P25_SMTP_STARTTLS_TLS_CERTIFICATE_PARSED_ISSUER_ORGANIZATION_CPANEL", 
  "P25_SMTP_STARTTLS_TLS_CERTIFICATE_PARSED_ISSUER_ORGANIZATION_COMODO", 
  "P25_SMTP_STARTTLS_TLS_CERTIFICATE_PARSED_ISSUER_ORGANIZATION_CISCO", 
  "P25_SMTP_STARTTLS_TLS_CERTIFICATE_PARSED_ISSUER_ORGANIZATION_ALPHASSL", 
  "P25_SMTP_STARTTLS_TLS_CERTIFICATE_PARSED_EXTENSIONS_KEY_USAGE_KEY_ENCIPHERMENT", 
  "P25_SMTP_STARTTLS_TLS_CERTIFICATE_PARSED_EXTENSIONS_KEY_USAGE_KEY_AGREEMENT", 
  "P25_SMTP_STARTTLS_TLS_CERTIFICATE_PARSED_EXTENSIONS_KEY_USAGE_DIGITAL_SIGNATURE", 
  "P25_SMTP_STARTTLS_TLS_CERTIFICATE_PARSED_EXTENSIONS_KEY_USAGE_DATA_ENCIPHERMENT", 
  "P25_SMTP_STARTTLS_TLS_CERTIFICATE_PARSED_EXTENSIONS_KEY_USAGE_CONTENT_COMMITMENT", 
  "P25_SMTP_STARTTLS_TLS_CERTIFICATE_PARSED_EXTENSIONS_KEY_USAGE_CERTIFICATE_SIGN", 
  "P25_SMTP_STARTTLS_TLS_CERTIFICATE_PARSED_EXTENSIONS_BASIC_CONSTRAINTS_IS_CA", 
  "P25_SMTP_STARTTLS_STARTTLS_UNKNOWN", 
  "P25_SMTP_STARTTLS_RUNNING_ZMAILER", 
  "P25_SMTP_STARTTLS_RUNNING_ZIMBRA", 
  "P25_SMTP_STARTTLS_RUNNING_XCHANGE", 
  "P25_SMTP_STARTTLS_RUNNING_UNKNOWN", 
  "P25_SMTP_STARTTLS_RUNNING_SUN", 
  "P25_SMTP_STARTTLS_RUNNING_SMAIL", 
  "P25_SMTP_STARTTLS_RUNNING_SENDMAIL", 
  "P25_SMTP_STARTTLS_RUNNING_QMAIL", 
  "P25_SMTP_STARTTLS_RUNNING_POSTFIX", 
  "P25_SMTP_STARTTLS_RUNNING_ORACLE", 
  "P25_SMTP_STARTTLS_RUNNING_OPENSMTPD", 
  "P25_SMTP_STARTTLS_RUNNING_NOVELL", 
  "P25_SMTP_STARTTLS_RUNNING_NETMAIL", 
  "P25_SMTP_STARTTLS_RUNNING_MICROSOFT", 
  "P25_SMTP_STARTTLS_RUNNING_MERCURY", 
  "P25_SMTP_STARTTLS_RUNNING_MDAEMON", 
  "P25_SMTP_STARTTLS_RUNNING_MAILSITE", 
  "P25_SMTP_STARTTLS_RUNNING_MAILENABLE", 
  "P25_SMTP_STARTTLS_RUNNING_KERIO_CONNECT", 
  "P25_SMTP_STARTTLS_RUNNING_KERIO", 
  "P25_SMTP_STARTTLS_RUNNING_IRONPORT", 
  "P25_SMTP_STARTTLS_RUNNING_IMAP", 
  "P25_SMTP_STARTTLS_RUNNING_ICEWARP", 
  "P25_SMTP_STARTTLS_RUNNING_IBM", 
  "P25_SMTP_STARTTLS_RUNNING_HMAIL", 
  "P25_SMTP_STARTTLS_RUNNING_HARAKA", 
  "P25_SMTP_STARTTLS_RUNNING_GROUPWISE", 
  "P25_SMTP_STARTTLS_RUNNING_GOOGLE", 
  "P25_SMTP_STARTTLS_RUNNING_FIRSTCLASS", 
  "P25_SMTP_STARTTLS_RUNNING_EXIM", 
  "P25_SMTP_STARTTLS_RUNNING_EXCHANGE_SERVER", 
  "P25_SMTP_STARTTLS_RUNNING_CYRUS", 
  "P25_SMTP_STARTTLS_RUNNING_AXIGEN", 
  "P25_SMTP_STARTTLS_CONN_SUCCESS", 
  "P25_SMTP_SSL_2_TLS_CERT_PAST_VALID_END_DATE", 
  "P25_SMTP_SSL_2_SSL_2_SUPPORT", 
  "P25_SMTP_SSL_2_CERTIFICATE_PARSED_VERSION", 
  "P25_SMTP_SSL_2_CERTIFICATE_PARSED_SIGNATURE_SELF_SIGNED", 
  "P25_SMTP_SSL_2_CERTIFICATE_PARSED_ISSUER_ORGANIZATION_RAPIDSSL", 
  "P25_SMTP_SSL_2_CERTIFICATE_PARSED_ISSUER_ORGANIZATION_GODADDY", 
  "P25_SMTP_SSL_2_CERTIFICATE_PARSED_ISSUER_ORGANIZATION_GLOBALSIGN", 
  "P25_SMTP_SSL_2_CERTIFICATE_PARSED_ISSUER_ORGANIZATION_GEOTRUST", 
  "P25_SMTP_SSL_2_CERTIFICATE_PARSED_ISSUER_ORGANIZATION_COMODO", 
  "P25_SMTP_SSL_2_CERTIFICATE_PARSED_EXTENSIONS_KEY_USAGE_KEY_ENCIPHERMENT", 
  "P25_SMTP_SSL_2_CERTIFICATE_PARSED_EXTENSIONS_KEY_USAGE_KEY_AGREEMENT", 
  "P25_SMTP_SSL_2_CERTIFICATE_PARSED_EXTENSIONS_KEY_USAGE_DIGITAL_SIGNATURE", 
  "P25_SMTP_SSL_2_CERTIFICATE_PARSED_EXTENSIONS_KEY_USAGE_DATA_ENCIPHERMENT", 
  "P25_SMTP_SSL_2_CERTIFICATE_PARSED_EXTENSIONS_KEY_USAGE_CERTIFICATE_SIGN", 
  "P23_TELNET_BANNER_SUPPORT", 
  "P23_TELNET_BANNER_CONN_SUCCESS", 
  "P2323_TELNET_BANNER_SUPPORT", 
  "P22_SSH_V2_SUPPORT_SERVER_TO_CLIENT_MAC_HMAC_SHA2_256", 
  "P22_SSH_V2_SUPPORT_SERVER_TO_CLIENT_MAC_HMAC_SHA1_96", 
  "P22_SSH_V2_SUPPORT_SERVER_TO_CLIENT_MAC_HMAC_SHA1", 
  "P22_SSH_V2_SUPPORT_SERVER_TO_CLIENT_MAC_HMAC_MD5_96", 
  "P22_SSH_V2_SUPPORT_SERVER_TO_CLIENT_MAC_HMAC_MD5", 
  "P22_SSH_V2_SUPPORT_SERVER_TO_CLIENT_COMPRESSION_ZLIB", 
  "P22_SSH_V2_SUPPORT_SERVER_TO_CLIENT_COMPRESSION_NONE", 
  "P22_SSH_V2_SUPPORT_SERVER_TO_CLIENT_CIPHER_ARCFOUR256", 
  "P22_SSH_V2_SUPPORT_SERVER_TO_CLIENT_CIPHER_ARCFOUR128", 
  "P22_SSH_V2_SUPPORT_SERVER_TO_CLIENT_CIPHER_ARCFOUR", 
  "P22_SSH_V2_SUPPORT_SERVER_TO_CLIENT_CIPHER_AES256_CTR", 
  "P22_SSH_V2_SUPPORT_SERVER_TO_CLIENT_CIPHER_AES192_CTR", 
  "P22_SSH_V2_SUPPORT_SERVER_TO_CLIENT_CIPHER_AES128_GCM_OPENSSH_COM", 
  "P22_SSH_V2_SUPPORT_SERVER_TO_CLIENT_CIPHER_AES128_CTR", 
  "P22_SSH_V2_SUPPORT_SERVER_TO_CLIENT_CIPHER_AES128_CBC", 
  "P22_SSH_V2_SUPPORT_SERVER_TO_CLIENT_CIPHER_3DES_CBC", 
  "P22_SSH_V2_SUPPORT_KEX_ALGORITHM_ECDH_SHA2_NISTP521", 
  "P22_SSH_V2_SUPPORT_KEX_ALGORITHM_ECDH_SHA2_NISTP384", 
  "P22_SSH_V2_SUPPORT_KEX_ALGORITHM_ECDH_SHA2_NISTP256", 
  "P22_SSH_V2_SUPPORT_KEX_ALGORITHM_DIFFIE_HELLMAN_GROUP_EXCHANGE_SHA256", 
  "P22_SSH_V2_SUPPORT_KEX_ALGORITHM_DIFFIE_HELLMAN_GROUP_EXCHANGE_SHA1", 
  "P22_SSH_V2_SUPPORT_KEX_ALGORITHM_DIFFIE_HELLMAN_GROUP1_SHA1", 
  "P22_SSH_V2_SUPPORT_KEX_ALGORITHM_DIFFIE_HELLMAN_GROUP14_SHA1", 
  "P22_SSH_V2_SUPPORT_KEX_ALGORITHM_CURVE25519_SHA256_LIBSSH_ORG", 
  "P22_SSH_V2_SUPPORT_HOST_KEY_ALGORITHM_SSH_RSA_CERT_V01_OPENSSH_COM", 
  "P22_SSH_V2_SUPPORT_HOST_KEY_ALGORITHM_SSH_RSA", 
  "P22_SSH_V2_SUPPORT_HOST_KEY_ALGORITHM_SSH_ED25519_CERT_V01_OPENSSH_COM", 
  "P22_SSH_V2_SUPPORT_HOST_KEY_ALGORITHM_SSH_ED25519", 
  "P22_SSH_V2_SUPPORT_HOST_KEY_ALGORITHM_SSH_DSS", 
  "P22_SSH_V2_SUPPORT_HOST_KEY_ALGORITHM_ECDSA_SHA2_NISTP521", 
  "P22_SSH_V2_SUPPORT_HOST_KEY_ALGORITHM_ECDSA_SHA2_NISTP384", 
  "P22_SSH_V2_SUPPORT_HOST_KEY_ALGORITHM_ECDSA_SHA2_NISTP256", 
  "P22_SSH_V2_SUPPORT_CLIENT_TO_SERVER_MAC_HMAC_SHA2_256", 
  "P22_SSH_V2_SUPPORT_CLIENT_TO_SERVER_MAC_HMAC_SHA1_96", 
  "P22_SSH_V2_SUPPORT_CLIENT_TO_SERVER_MAC_HMAC_SHA1", 
  "P22_SSH_V2_SUPPORT_CLIENT_TO_SERVER_MAC_HMAC_MD5_96", 
  "P22_SSH_V2_SUPPORT_CLIENT_TO_SERVER_MAC_HMAC_MD5", 
  "P22_SSH_V2_SUPPORT_CLIENT_TO_SERVER_COMPRESSION_ZLIB", 
  "P22_SSH_V2_SUPPORT_CLIENT_TO_SERVER_COMPRESSION_NONE", 
  "P22_SSH_V2_SUPPORT_CLIENT_TO_SERVER_CIPHER_ARCFOUR256", 
  "P22_SSH_V2_SUPPORT_CLIENT_TO_SERVER_CIPHER_ARCFOUR128", 
  "P22_SSH_V2_SUPPORT_CLIENT_TO_SERVER_CIPHER_ARCFOUR", 
  "P22_SSH_V2_SUPPORT_CLIENT_TO_SERVER_CIPHER_AES256_CTR", 
  "P22_SSH_V2_SUPPORT_CLIENT_TO_SERVER_CIPHER_AES192_CTR", 
  "P22_SSH_V2_SUPPORT_CLIENT_TO_SERVER_CIPHER_AES128_GCM_OPENSSH_COM", 
  "P22_SSH_V2_SUPPORT_CLIENT_TO_SERVER_CIPHER_AES128_CTR", 
  "P22_SSH_V2_SUPPORT_CLIENT_TO_SERVER_CIPHER_AES128_CBC", 
  "P22_SSH_V2_SUPPORT_CLIENT_TO_SERVER_CIPHER_3DES_CBC", 
  "P22_SSH_V2_SERVER_HOST_KEY_KEY_ALGORITHM_SSH_RSA_CERT_V01_OPENSSH_COM", 
  "P22_SSH_V2_SERVER_HOST_KEY_KEY_ALGORITHM_SSH_RSA", 
  "P22_SSH_V2_SERVER_HOST_KEY_KEY_ALGORITHM_SSH_ED25519", 
  "P22_SSH_V2_SERVER_HOST_KEY_KEY_ALGORITHM_SSH_DSS", 
  "P22_SSH_V2_SERVER_HOST_KEY_KEY_ALGORITHM_ECDSA_SHA2_NISTP521", 
  "P22_SSH_V2_SERVER_HOST_KEY_KEY_ALGORITHM_ECDSA_SHA2_NISTP384", 
  "P22_SSH_V2_SERVER_HOST_KEY_KEY_ALGORITHM_ECDSA_SHA2_NISTP256", 
  "P22_SSH_V2_SERVER_HOST_KEY_CERTKEY_PUBLIC_KEY_TYPE_NAME_HOST", 
  "P22_SSH_V2_SELECTED_SERVER_TO_CLIENT_MAC_HMAC_SHA2_256", 
  "P22_SSH_V2_SELECTED_SERVER_TO_CLIENT_MAC_HMAC_SHA1", 
  "P22_SSH_V2_SELECTED_SERVER_TO_CLIENT_COMPRESSION_NONE", 
  "P22_SSH_V2_SELECTED_SERVER_TO_CLIENT_CIPHER_ARCFOUR256", 
  "P22_SSH_V2_SELECTED_SERVER_TO_CLIENT_CIPHER_ARCFOUR128", 
  "P22_SSH_V2_SELECTED_SERVER_TO_CLIENT_CIPHER_ARCFOUR", 
  "P22_SSH_V2_SELECTED_SERVER_TO_CLIENT_CIPHER_AES256_CTR", 
  "P22_SSH_V2_SELECTED_SERVER_TO_CLIENT_CIPHER_AES192_CTR", 
  "P22_SSH_V2_SELECTED_SERVER_TO_CLIENT_CIPHER_AES128_GCM_OPENSSH_COM", 
  "P22_SSH_V2_SELECTED_SERVER_TO_CLIENT_CIPHER_AES128_CTR", 
  "P22_SSH_V2_SELECTED_KEX_ALGORITHM_ECDH_SHA2_NISTP256", 
  "P22_SSH_V2_SELECTED_KEX_ALGORITHM_DIFFIE_HELLMAN_GROUP1_SHA1", 
  "P22_SSH_V2_SELECTED_KEX_ALGORITHM_DIFFIE_HELLMAN_GROUP14_SHA1", 
  "P22_SSH_V2_SELECTED_KEX_ALGORITHM_CURVE25519_SHA256_LIBSSH_ORG", 
  "P22_SSH_V2_SELECTED_HOST_KEY_ALGORITHM_SSH_RSA_CERT_V01_OPENSSH_COM", 
  "P22_SSH_V2_SELECTED_HOST_KEY_ALGORITHM_SSH_RSA", 
  "P22_SSH_V2_SELECTED_HOST_KEY_ALGORITHM_SSH_ED25519", 
  "P22_SSH_V2_SELECTED_HOST_KEY_ALGORITHM_SSH_DSS", 
  "P22_SSH_V2_SELECTED_HOST_KEY_ALGORITHM_ECDSA_SHA2_NISTP521", 
  "P22_SSH_V2_SELECTED_HOST_KEY_ALGORITHM_ECDSA_SHA2_NISTP384", 
  "P22_SSH_V2_SELECTED_HOST_KEY_ALGORITHM_ECDSA_SHA2_NISTP256", 
  "P22_SSH_V2_SELECTED_CLIENT_TO_SERVER_MAC_HMAC_SHA2_256", 
  "P22_SSH_V2_SELECTED_CLIENT_TO_SERVER_MAC_HMAC_SHA1", 
  "P22_SSH_V2_SELECTED_CLIENT_TO_SERVER_COMPRESSION_NONE", 
  "P22_SSH_V2_SELECTED_CLIENT_TO_SERVER_CIPHER_ARCFOUR256", 
  "P22_SSH_V2_SELECTED_CLIENT_TO_SERVER_CIPHER_ARCFOUR128", 
  "P22_SSH_V2_SELECTED_CLIENT_TO_SERVER_CIPHER_ARCFOUR", 
  "P22_SSH_V2_SELECTED_CLIENT_TO_SERVER_CIPHER_AES256_CTR", 
  "P22_SSH_V2_SELECTED_CLIENT_TO_SERVER_CIPHER_AES192_CTR", 
  "P22_SSH_V2_SELECTED_CLIENT_TO_SERVER_CIPHER_AES128_GCM_OPENSSH_COM", 
  "P22_SSH_V2_SELECTED_CLIENT_TO_SERVER_CIPHER_AES128_CTR", 
  "P22_SSH_V2_RUNNING_ZYXEL", 
  "P22_SSH_V2_RUNNING_XLIGHTFTPD", 
  "P22_SSH_V2_RUNNING_WS_FTP_SSH", 
  "P22_SSH_V2_RUNNING_WRI", 
  "P22_SSH_V2_RUNNING_UNKNOWN", 
  "P22_SSH_V2_RUNNING_SYSAXSSH", 
  "P22_SSH_V2_RUNNING_SYNCPLIFY", 
  "P22_SSH_V2_RUNNING_SUN", 
  "P22_SSH_V2_RUNNING_SRTSSHSERVER", 
  "P22_SSH_V2_RUNNING_SERV_U", 
  "P22_SSH_V2_RUNNING_ROUTEROS", 
  "P22_SSH_V2_RUNNING_ROSSSH", 
  "P22_SSH_V2_RUNNING_ROMSSHELL", 
  "P22_SSH_V2_RUNNING_REBEXSSH", 
  "P22_SSH_V2_RUNNING_OPENSSH", 
  "P22_SSH_V2_RUNNING_MPSSH", 
  "P22_SSH_V2_RUNNING_MOD_SFTP", 
  "P22_SSH_V2_RUNNING_MAVERICK", 
  "P22_SSH_V2_RUNNING_LIBSSH", 
  "P22_SSH_V2_RUNNING_LANCOM", 
  "P22_SSH_V2_RUNNING_IPSSH", 
  "P22_SSH_V2_RUNNING_HP", 
  "P22_SSH_V2_RUNNING_DROPBEAR", 
  "P22_SSH_V2_RUNNING_CRUSH", 
  "P22_SSH_V2_RUNNING_COMPLETEFTP", 
  "P22_SSH_V2_RUNNING_CISCO", 
  "P22_SSH_V2_RUNNING_CERBERUS", 
  "P22_SSH_V2_RUNNING_ADTRAN", 
  "P22_SSH_V2_KEY_EXCHANGE_ECDH_PARAMS_SERVER_PUBLIC_Y_LENGTH", 
  "P22_SSH_V2_KEY_EXCHANGE_ECDH_PARAMS_SERVER_PUBLIC_X_LENGTH", 
  "P22_SSH_V2_KEY_EXCHANGE_DH_PARAMS_PRIME_LENGTH", 
  "P22_SSH_V2_KEY_EXCHANGE_DH_PARAMS_GENERATOR_LENGTH", 
  "P22_SSH_V2_BANNER_VERSION_2_0", 
  "P22_SSH_V2_BANNER_VERSION_1_9", 
  "P22_SSH_V2_BANNER_VERSION_1_5", 
  "P22_SSH_RSA_PUB_KEY_LENGTH", 
  "P22_SSH_ECDSA_LENGTH", 
  "P22_SSH_CERT_KEY_VALID_LENGTH", 
  "P22_SSH_BANNER_SERVER_KEY_EXCHANGE_SERVER_TO_CLIENT_MAC_HMAC_SHA2_256", 
  "P22_SSH_BANNER_SERVER_KEY_EXCHANGE_SERVER_TO_CLIENT_MAC_HMAC_SHA1_96", 
  "P22_SSH_BANNER_SERVER_KEY_EXCHANGE_SERVER_TO_CLIENT_MAC_HMAC_SHA1", 
  "P22_SSH_BANNER_SERVER_KEY_EXCHANGE_SERVER_TO_CLIENT_MAC_HMAC_MD5_96", 
  "P22_SSH_BANNER_SERVER_KEY_EXCHANGE_SERVER_TO_CLIENT_MAC_HMAC_MD5", 
  "P22_SSH_BANNER_SERVER_KEY_EXCHANGE_SERVER_TO_CLIENT_COMPRESSION_ZLIB", 
  "P22_SSH_BANNER_SERVER_KEY_EXCHANGE_SERVER_TO_CLIENT_COMPRESSION_NONE", 
  "P22_SSH_BANNER_SERVER_KEY_EXCHANGE_SERVER_TO_CLIENT_CIPHER_ARCFOUR256", 
  "P22_SSH_BANNER_SERVER_KEY_EXCHANGE_SERVER_TO_CLIENT_CIPHER_ARCFOUR128", 
  "P22_SSH_BANNER_SERVER_KEY_EXCHANGE_SERVER_TO_CLIENT_CIPHER_ARCFOUR", 
  "P22_SSH_BANNER_SERVER_KEY_EXCHANGE_SERVER_TO_CLIENT_CIPHER_AES256_CTR", 
  "P22_SSH_BANNER_SERVER_KEY_EXCHANGE_SERVER_TO_CLIENT_CIPHER_AES192_CTR", 
  "P22_SSH_BANNER_SERVER_KEY_EXCHANGE_SERVER_TO_CLIENT_CIPHER_AES128_GCM_OPENSSH_COM", 
  "P22_SSH_BANNER_SERVER_KEY_EXCHANGE_SERVER_TO_CLIENT_CIPHER_AES128_CTR", 
  "P22_SSH_BANNER_SERVER_KEY_EXCHANGE_SERVER_TO_CLIENT_CIPHER_AES128_CBC", 
  "P22_SSH_BANNER_SERVER_KEY_EXCHANGE_SERVER_TO_CLIENT_CIPHER_3DES_CBC", 
  "P22_SSH_BANNER_SERVER_KEY_EXCHANGE_KEX_ALGORITHM_ECDH_SHA2_NISTP521", 
  "P22_SSH_BANNER_SERVER_KEY_EXCHANGE_KEX_ALGORITHM_ECDH_SHA2_NISTP384", 
  "P22_SSH_BANNER_SERVER_KEY_EXCHANGE_KEX_ALGORITHM_ECDH_SHA2_NISTP256", 
  "P22_SSH_BANNER_SERVER_KEY_EXCHANGE_KEX_ALGORITHM_DIFFIE_HELLMAN_GROUP_EXCHANGE_SHA256", 
  "P22_SSH_BANNER_SERVER_KEY_EXCHANGE_KEX_ALGORITHM_DIFFIE_HELLMAN_GROUP_EXCHANGE_SHA1", 
  "P22_SSH_BANNER_SERVER_KEY_EXCHANGE_KEX_ALGORITHM_DIFFIE_HELLMAN_GROUP1_SHA1", 
  "P22_SSH_BANNER_SERVER_KEY_EXCHANGE_KEX_ALGORITHM_DIFFIE_HELLMAN_GROUP14_SHA1", 
  "P22_SSH_BANNER_SERVER_KEY_EXCHANGE_KEX_ALGORITHM_CURVE25519_SHA256_LIBSSH_ORG", 
  "P22_SSH_BANNER_SERVER_KEY_EXCHANGE_HOST_KEY_ALGORITHM_SSH_RSA", 
  "P22_SSH_BANNER_SERVER_KEY_EXCHANGE_HOST_KEY_ALGORITHM_SSH_ED25519", 
  "P22_SSH_BANNER_SERVER_KEY_EXCHANGE_HOST_KEY_ALGORITHM_SSH_DSS", 
  "P22_SSH_BANNER_SERVER_KEY_EXCHANGE_HOST_KEY_ALGORITHM_ECDSA_SHA2_NISTP521", 
  "P22_SSH_BANNER_SERVER_KEY_EXCHANGE_HOST_KEY_ALGORITHM_ECDSA_SHA2_NISTP384", 
  "P22_SSH_BANNER_SERVER_KEY_EXCHANGE_HOST_KEY_ALGORITHM_ECDSA_SHA2_NISTP256_CERT_V01_OPENSSH_COM", 
  "P22_SSH_BANNER_SERVER_KEY_EXCHANGE_HOST_KEY_ALGORITHM_ECDSA_SHA2_NISTP256", 
  "P22_SSH_BANNER_SERVER_KEY_EXCHANGE_CLIENT_TO_SERVER_MAC_HMAC_SHA2_256", 
  "P22_SSH_BANNER_SERVER_KEY_EXCHANGE_CLIENT_TO_SERVER_MAC_HMAC_SHA1_96", 
  "P22_SSH_BANNER_SERVER_KEY_EXCHANGE_CLIENT_TO_SERVER_MAC_HMAC_SHA1", 
  "P22_SSH_BANNER_SERVER_KEY_EXCHANGE_CLIENT_TO_SERVER_MAC_HMAC_MD5_96", 
  "P22_SSH_BANNER_SERVER_KEY_EXCHANGE_CLIENT_TO_SERVER_MAC_HMAC_MD5", 
  "P22_SSH_BANNER_SERVER_KEY_EXCHANGE_CLIENT_TO_SERVER_COMPRESSION_ZLIB", 
  "P22_SSH_BANNER_SERVER_KEY_EXCHANGE_CLIENT_TO_SERVER_COMPRESSION_NONE", 
  "P22_SSH_BANNER_SERVER_KEY_EXCHANGE_CLIENT_TO_SERVER_CIPHER_ARCFOUR256", 
  "P22_SSH_BANNER_SERVER_KEY_EXCHANGE_CLIENT_TO_SERVER_CIPHER_ARCFOUR128", 
  "P22_SSH_BANNER_SERVER_KEY_EXCHANGE_CLIENT_TO_SERVER_CIPHER_ARCFOUR", 
  "P22_SSH_BANNER_SERVER_KEY_EXCHANGE_CLIENT_TO_SERVER_CIPHER_AES256_CTR", 
  "P22_SSH_BANNER_SERVER_KEY_EXCHANGE_CLIENT_TO_SERVER_CIPHER_AES192_CTR", 
  "P22_SSH_BANNER_SERVER_KEY_EXCHANGE_CLIENT_TO_SERVER_CIPHER_AES128_GCM_OPENSSH_COM", 
  "P22_SSH_BANNER_SERVER_KEY_EXCHANGE_CLIENT_TO_SERVER_CIPHER_AES128_CTR", 
  "P22_SSH_BANNER_SERVER_KEY_EXCHANGE_CLIENT_TO_SERVER_CIPHER_AES128_CBC", 
  "P22_SSH_BANNER_SERVER_KEY_EXCHANGE_CLIENT_TO_SERVER_CIPHER_3DES_CBC", 
  "P22_SSH_BANNER_ALGORITHM_SELECTION_SERVER_TO_CLIENT_MAC_HMAC_SHA2_256", 
  "P22_SSH_BANNER_ALGORITHM_SELECTION_SERVER_TO_CLIENT_MAC_HMAC_SHA1", 
  "P22_SSH_BANNER_ALGORITHM_SELECTION_SERVER_TO_CLIENT_COMPRESSION_NONE", 
  "P22_SSH_BANNER_ALGORITHM_SELECTION_SERVER_TO_CLIENT_CIPHER_ARCFOUR256", 
  "P22_SSH_BANNER_ALGORITHM_SELECTION_SERVER_TO_CLIENT_CIPHER_ARCFOUR128", 
  "P22_SSH_BANNER_ALGORITHM_SELECTION_SERVER_TO_CLIENT_CIPHER_ARCFOUR", 
  "P22_SSH_BANNER_ALGORITHM_SELECTION_SERVER_TO_CLIENT_CIPHER_AES256_CTR", 
  "P22_SSH_BANNER_ALGORITHM_SELECTION_SERVER_TO_CLIENT_CIPHER_AES192_CTR", 
  "P22_SSH_BANNER_ALGORITHM_SELECTION_SERVER_TO_CLIENT_CIPHER_AES128_GCM_OPENSSH_COM", 
  "P22_SSH_BANNER_ALGORITHM_SELECTION_SERVER_TO_CLIENT_CIPHER_AES128_CTR", 
  "P22_SSH_BANNER_ALGORITHM_SELECTION_KEX_ALGORITHM_ECDH_SHA2_NISTP256", 
  "P22_SSH_BANNER_ALGORITHM_SELECTION_KEX_ALGORITHM_DIFFIE_HELLMAN_GROUP1_SHA1", 
  "P22_SSH_BANNER_ALGORITHM_SELECTION_KEX_ALGORITHM_DIFFIE_HELLMAN_GROUP14_SHA1", 
  "P22_SSH_BANNER_ALGORITHM_SELECTION_KEX_ALGORITHM_CURVE25519_SHA256_LIBSSH_ORG", 
  "P22_SSH_BANNER_ALGORITHM_SELECTION_HOST_KEY_ALGORITHM_SSH_RSA", 
  "P22_SSH_BANNER_ALGORITHM_SELECTION_HOST_KEY_ALGORITHM_SSH_ED25519", 
  "P22_SSH_BANNER_ALGORITHM_SELECTION_HOST_KEY_ALGORITHM_SSH_DSS", 
  "P22_SSH_BANNER_ALGORITHM_SELECTION_HOST_KEY_ALGORITHM_ECDSA_SHA2_NISTP521", 
  "P22_SSH_BANNER_ALGORITHM_SELECTION_HOST_KEY_ALGORITHM_ECDSA_SHA2_NISTP384", 
  "P22_SSH_BANNER_ALGORITHM_SELECTION_HOST_KEY_ALGORITHM_ECDSA_SHA2_NISTP256_CERT_V01_OPENSSH_COM", 
  "P22_SSH_BANNER_ALGORITHM_SELECTION_HOST_KEY_ALGORITHM_ECDSA_SHA2_NISTP256", 
  "P22_SSH_BANNER_ALGORITHM_SELECTION_CLIENT_TO_SERVER_MAC_HMAC_SHA2_256", 
  "P22_SSH_BANNER_ALGORITHM_SELECTION_CLIENT_TO_SERVER_MAC_HMAC_SHA1", 
  "P22_SSH_BANNER_ALGORITHM_SELECTION_CLIENT_TO_SERVER_COMPRESSION_NONE", 
  "P22_SSH_BANNER_ALGORITHM_SELECTION_CLIENT_TO_SERVER_CIPHER_ARCFOUR256", 
  "P22_SSH_BANNER_ALGORITHM_SELECTION_CLIENT_TO_SERVER_CIPHER_ARCFOUR128", 
  "P22_SSH_BANNER_ALGORITHM_SELECTION_CLIENT_TO_SERVER_CIPHER_ARCFOUR", 
  "P22_SSH_BANNER_ALGORITHM_SELECTION_CLIENT_TO_SERVER_CIPHER_AES256_CTR", 
  "P22_SSH_BANNER_ALGORITHM_SELECTION_CLIENT_TO_SERVER_CIPHER_AES192_CTR", 
  "P22_SSH_BANNER_ALGORITHM_SELECTION_CLIENT_TO_SERVER_CIPHER_AES128_GCM_OPENSSH_COM", 
  "P22_SSH_BANNER_ALGORITHM_SELECTION_CLIENT_TO_SERVER_CIPHER_AES128_CTR", 
  "P21_FTP_BANNER_RUNNING_WS_FTP", 
  "P21_FTP_BANNER_RUNNING_WAR", 
  "P21_FTP_BANNER_RUNNING_VSFTPD", 
  "P21_FTP_BANNER_RUNNING_TITAN", 
  "P21_FTP_BANNER_RUNNING_SYSAX", 
  "P21_FTP_BANNER_RUNNING_SERV_U", 
  "P21_FTP_BANNER_RUNNING_PURE_FTPD", 
  "P21_FTP_BANNER_RUNNING_PROFTPD", 
  "P21_FTP_BANNER_RUNNING_NASFTP", 
  "P21_FTP_BANNER_RUNNING_MICROSOFT", 
  "P21_FTP_BANNER_RUNNING_FILEZILLA", 
  "P21_FTP_BANNER_RUNNING_DREAMHOST", 
  "P21_FTP_BANNER_RUNNING_CRUSHFTP", 
  "P21_FTP_BANNER_RUNNING_CERBERUS", 
  "P21_FTP_BANNER_RUNNING_BLAH", 
  "P21_FTP_BANNER_BANNER_UNKNOWN", 
  "P21_FTP_BANNER_BANNER_220_VSFTPD", 
  "P21_FTP_BANNER_BANNER_220_PROFTPD", 
  "P21_FTP_BANNER_BANNER_220_MICROSOFT_FTP_SERVICE", 
  "P21_FTP_BANNER_BANNER_220_FTP_SERVICE_READY", 
  "P21_FTP_BANNER_BANNER_220_FTP_SERVER_READY", 
  "P21_FTP_BANNER_BANNER_220_FTP_FIRMWARE_UPDATE_UTILITY", 
  "P21_FTP_BANNER_BANNER_220_FILEZILLA_SERVER_VERSION_0_9_41_BETA", 
  "P21_FTP_BANNER_BANNER_220_FILEZILLA_SERVER_0_9_60_BETA", 
  "P21_FTP_BANNER_BANNER_220", 
  "P1911_FOX_DEVICE_ID_VM_VERSION_2_3", 
  "P1911_FOX_DEVICE_ID_VM_VERSION_25_74_B02", 
  "P1911_FOX_DEVICE_ID_VM_VERSION_24_45_B08", 
  "P1911_FOX_DEVICE_ID_VM_VERSION_23_7_B01", 
  "P1911_FOX_DEVICE_ID_VM_VERSION_1_5_0_81_B06", 
  "P1911_FOX_DEVICE_ID_VM_VERSION_1_5_0_81_B02", 
  "P1911_FOX_DEVICE_ID_VM_VERSION_1_5_0_34_B29", 
  "P1911_FOX_DEVICE_ID_VM_VERSION_1_5_0_34_B28", 
  "P1911_FOX_DEVICE_ID_VM_NAME_JAVA_HOTSPOTTM_SERVER_VM", 
  "P1911_FOX_DEVICE_ID_VM_NAME_JAVA_HOTSPOTTM_EMBEDDED_CLIENT_VM", 
  "P1911_FOX_DEVICE_ID_VM_NAME_JAVA_HOTSPOTTM_CLIENT_VM", 
  "P1911_FOX_DEVICE_ID_VM_NAME_JAVA_HOTSPOTTM_64_BIT_SERVER_VM", 
  "P1911_FOX_DEVICE_ID_VM_NAME_J9", 
  "P1911_FOX_DEVICE_ID_VERSION_NIAGARA_4", 
  "P1911_FOX_DEVICE_ID_VERSION_1_0_1", 
  "P1911_FOX_DEVICE_ID_VERSION_1_0", 
  "P1911_FOX_DEVICE_ID_SYS_INFO_BOG_77", 
  "P1911_FOX_DEVICE_ID_SYS_INFO_BOG_74", 
  "P1911_FOX_DEVICE_ID_SYS_INFO_BOG_61", 
  "P1911_FOX_DEVICE_ID_SYS_INFO_BOG_6", 
  "P1911_FOX_DEVICE_ID_SUPPORT", 
  "P1911_FOX_DEVICE_ID_OS_VERSION_6_5_0", 
  "P1911_FOX_DEVICE_ID_OS_VERSION_6_4_1", 
  "P1911_FOX_DEVICE_ID_OS_VERSION_6_3_2", 
  "P1911_FOX_DEVICE_ID_OS_VERSION_6_3_0", 
  "P1911_FOX_DEVICE_ID_OS_VERSION_6_3", 
  "P1911_FOX_DEVICE_ID_OS_VERSION_6_2", 
  "P1911_FOX_DEVICE_ID_OS_VERSION_6_1", 
  "P1911_FOX_DEVICE_ID_OS_NAME_WINDOWS_SERVER_2012", 
  "P1911_FOX_DEVICE_ID_OS_NAME_WINDOWS_SERVER_2008_R2", 
  "P1911_FOX_DEVICE_ID_OS_NAME_WINDOWS_SERVER_2008", 
  "P1911_FOX_DEVICE_ID_OS_NAME_WINDOWS_7", 
  "P1911_FOX_DEVICE_ID_OS_NAME_WINDOWS", 
  "P1911_FOX_DEVICE_ID_OS_NAME_QNX", 
  "P1911_FOX_DEVICE_ID_ID", 
  "P1911_FOX_DEVICE_ID_BRAND_ID_WEBSOPEN", 
  "P1911_FOX_DEVICE_ID_BRAND_ID_WEBS", 
  "P1911_FOX_DEVICE_ID_BRAND_ID_VYKON", 
  "P1911_FOX_DEVICE_ID_BRAND_ID_TAC", 
  "P1911_FOX_DEVICE_ID_BRAND_ID_STAEFA", 
  "P1911_FOX_DEVICE_ID_BRAND_ID_JENESYS", 
  "P1911_FOX_DEVICE_ID_BRAND_ID_FACEXP", 
  "P1911_FOX_DEVICE_ID_BRAND_ID_DISTECH", 
  "P1911_FOX_DEVICE_ID_AUTH_AGENT_TYPE_LDAP", 
  "P1911_FOX_DEVICE_ID_AUTH_AGENT_TYPE_FOX", 
  "P1911_FOX_DEVICE_ID_APP_VERSION_3_8_38", 
  "P1911_FOX_DEVICE_ID_APP_VERSION_3_8_213", 
  "P1911_FOX_DEVICE_ID_APP_VERSION_3_8_111", 
  "P1911_FOX_DEVICE_ID_APP_VERSION_3_7_106_8", 
  "P1911_FOX_DEVICE_ID_APP_VERSION_3_7_106_5", 
  "P1911_FOX_DEVICE_ID_APP_VERSION_3_7_106_4", 
  "P1911_FOX_DEVICE_ID_APP_VERSION_3_7_106_1", 
  "P1911_FOX_DEVICE_ID_APP_NAME_STATION", 
  "P1900_UPNP_DISCOVERY_FIELD_PRESENT", 
  "P1521_ORACLE_BANNER_SUPPORT", 
  "P1521_ORACLE_BANNER_REFUSE_VERSION_12_1", 
  "P1521_ORACLE_BANNER_REFUSE_VERSION_11_2", 
  "P1521_ORACLE_BANNER_REFUSE_VERSION_10_1", 
  "P143_IMAP_TLS_TLS_FIELD_PRESENT", 
  "P143_IMAP_TLS_TLS_CERT_PAST_VALID_END_DATE", 
  "P143_IMAP_STARTTLS_TLS_VERSION_TLSV1_2", 
  "P143_IMAP_STARTTLS_TLS_VERSION_TLSV1_0", 
  "P143_IMAP_STARTTLS_TLS_VALIDATION_BROWSER_TRUSTED", 
  "P143_IMAP_STARTTLS_TLS_SIGNATURE_VALID", 
  "P143_IMAP_STARTTLS_TLS_SERVER_KEY_EXCHANGE_ECDH_PARAMS_CURVE_ID_ID", 
  "P143_IMAP_STARTTLS_TLS_OCSP_STAPLING", 
  "P143_IMAP_STARTTLS_TLS_CIPHER_SUITE_NAME_TLS_RSA_WITH_RC4_128_SHA", 
  "P143_IMAP_STARTTLS_TLS_CIPHER_SUITE_NAME_TLS_RSA_WITH_AES_256_CBC_SHA", 
  "P143_IMAP_STARTTLS_TLS_CIPHER_SUITE_NAME_TLS_RSA_WITH_AES_128_CBC_SHA", 
  "P143_IMAP_STARTTLS_TLS_CIPHER_SUITE_NAME_TLS_ECDHE_RSA_WITH_AES_256_CBC_SHA", 
  "P143_IMAP_STARTTLS_TLS_CIPHER_SUITE_NAME_TLS_ECDHE_RSA_WITH_AES_128_GCM_SHA256", 
  "P143_IMAP_STARTTLS_TLS_CERTIFICATE_PARSED_VERSION", 
  "P143_IMAP_STARTTLS_TLS_CERTIFICATE_PARSED_VALIDITY_LENGTH", 
  "P143_IMAP_STARTTLS_TLS_CERTIFICATE_PARSED_VALIDATION_LEVEL_UNKNOWN", 
  "P143_IMAP_STARTTLS_TLS_CERTIFICATE_PARSED_VALIDATION_LEVEL_OV", 
  "P143_IMAP_STARTTLS_TLS_CERTIFICATE_PARSED_VALIDATION_LEVEL_EV", 
  "P143_IMAP_STARTTLS_TLS_CERTIFICATE_PARSED_VALIDATION_LEVEL_DV", 
  "P143_IMAP_STARTTLS_TLS_CERTIFICATE_PARSED_SIGNATURE_VALID", 
  "P143_IMAP_STARTTLS_TLS_CERTIFICATE_PARSED_SIGNATURE_SELF_SIGNED", 
  "P143_IMAP_STARTTLS_TLS_CERTIFICATE_PARSED_ISSUER_ORGANIZATION_UNKNOWN", 
  "P143_IMAP_STARTTLS_TLS_CERTIFICATE_PARSED_ISSUER_ORGANIZATION_STARFIELD", 
  "P143_IMAP_STARTTLS_TLS_CERTIFICATE_PARSED_ISSUER_ORGANIZATION_SOMEORGANIZATION", 
  "P143_IMAP_STARTTLS_TLS_CERTIFICATE_PARSED_ISSUER_ORGANIZATION_RAPIDSSL", 
  "P143_IMAP_STARTTLS_TLS_CERTIFICATE_PARSED_ISSUER_ORGANIZATION_LOCALHOST", 
  "P143_IMAP_STARTTLS_TLS_CERTIFICATE_PARSED_ISSUER_ORGANIZATION_LETS_ENCRYPT", 
  "P143_IMAP_STARTTLS_TLS_CERTIFICATE_PARSED_ISSUER_ORGANIZATION_HOME_PL", 
  "P143_IMAP_STARTTLS_TLS_CERTIFICATE_PARSED_ISSUER_ORGANIZATION_GODADDY", 
  "P143_IMAP_STARTTLS_TLS_CERTIFICATE_PARSED_ISSUER_ORGANIZATION_GLOBALSIGN", 
  "P143_IMAP_STARTTLS_TLS_CERTIFICATE_PARSED_ISSUER_ORGANIZATION_GEOTRUST", 
  "P143_IMAP_STARTTLS_TLS_CERTIFICATE_PARSED_ISSUER_ORGANIZATION_FORTINET", 
  "P143_IMAP_STARTTLS_TLS_CERTIFICATE_PARSED_ISSUER_ORGANIZATION_ENTRUST", 
  "P143_IMAP_STARTTLS_TLS_CERTIFICATE_PARSED_ISSUER_ORGANIZATION_DIGICERT", 
  "P143_IMAP_STARTTLS_TLS_CERTIFICATE_PARSED_ISSUER_ORGANIZATION_CPANEL", 
  "P143_IMAP_STARTTLS_TLS_CERTIFICATE_PARSED_ISSUER_ORGANIZATION_COMODO", 
  "P143_IMAP_STARTTLS_TLS_CERTIFICATE_PARSED_ISSUER_ORGANIZATION_CISCO", 
  "P143_IMAP_STARTTLS_TLS_CERTIFICATE_PARSED_ISSUER_ORGANIZATION_ALPHASSL", 
  "P143_IMAP_STARTTLS_TLS_CERTIFICATE_PARSED_EXTENSIONS_KEY_USAGE_KEY_ENCIPHERMENT", 
  "P143_IMAP_STARTTLS_TLS_CERTIFICATE_PARSED_EXTENSIONS_KEY_USAGE_KEY_AGREEMENT", 
  "P143_IMAP_STARTTLS_TLS_CERTIFICATE_PARSED_EXTENSIONS_KEY_USAGE_DIGITAL_SIGNATURE", 
  "P143_IMAP_STARTTLS_TLS_CERTIFICATE_PARSED_EXTENSIONS_KEY_USAGE_DATA_ENCIPHERMENT", 
  "P143_IMAP_STARTTLS_TLS_CERTIFICATE_PARSED_EXTENSIONS_KEY_USAGE_CONTENT_COMMITMENT", 
  "P143_IMAP_STARTTLS_TLS_CERTIFICATE_PARSED_EXTENSIONS_KEY_USAGE_CERTIFICATE_SIGN", 
  "P143_IMAP_STARTTLS_TLS_CERTIFICATE_PARSED_EXTENSIONS_BASIC_CONSTRAINTS_IS_CA", 
  "P143_IMAP_STARTTLS_STARTTLS_UNKNOWN", 
  "P143_IMAP_STARTTLS_STARTTLS_A001_OK_COMPLETED", 
  "P143_IMAP_STARTTLS_STARTTLS_A001_OK_BEGIN", 
  "P143_IMAP_STARTTLS_STARTTLS_A001_NO_ERROR_IN_IMAP_COMMAND_RECEIVED_BY_SERVER_", 
  "P143_IMAP_STARTTLS_STARTTLS_A001_NO", 
  "P143_IMAP_STARTTLS_STARTTLS_A001_BAD_UNKNOWN", 
  "P143_IMAP_STARTTLS_STARTTLS_A001_BAD_TLS_SUPPORT_ISNT_ENABLED_", 
  "P143_IMAP_STARTTLS_STARTTLS_A001_BAD_INVALID_COMMAND", 
  "P143_IMAP_STARTTLS_RUNNING_ZIMBRA", 
  "P143_IMAP_STARTTLS_RUNNING_XCHANGE", 
  "P143_IMAP_STARTTLS_RUNNING_UNKNOWN", 
  "P143_IMAP_STARTTLS_RUNNING_SUN", 
  "P143_IMAP_STARTTLS_RUNNING_SMAIL", 
  "P143_IMAP_STARTTLS_RUNNING_ORACLE", 
  "P143_IMAP_STARTTLS_RUNNING_MICROSOFT_EXCHANGE_SERVER_2007", 
  "P143_IMAP_STARTTLS_RUNNING_MICROSOFT_EXCHANGE_SERVER_2003", 
  "P143_IMAP_STARTTLS_RUNNING_MICROSOFT", 
  "P143_IMAP_STARTTLS_RUNNING_MERCURY", 
  "P143_IMAP_STARTTLS_RUNNING_MDAEMON", 
  "P143_IMAP_STARTTLS_RUNNING_MAILSITE", 
  "P143_IMAP_STARTTLS_RUNNING_KERIO_CONNECT", 
  "P143_IMAP_STARTTLS_RUNNING_KERIO", 
  "P143_IMAP_STARTTLS_RUNNING_IMAP", 
  "P143_IMAP_STARTTLS_RUNNING_ICEWARP", 
  "P143_IMAP_STARTTLS_RUNNING_IBM", 
  "P143_IMAP_STARTTLS_RUNNING_GROUPWISE", 
  "P143_IMAP_STARTTLS_RUNNING_FIRSTCLASS", 
  "P143_IMAP_STARTTLS_RUNNING_EXCHANGE_SERVER", 
  "P143_IMAP_STARTTLS_RUNNING_DOVECOT", 
  "P143_IMAP_STARTTLS_RUNNING_CYRUS", 
  "P143_IMAP_STARTTLS_RUNNING_COURIER", 
  "P143_IMAP_STARTTLS_RUNNING_AXIGEN", 
  "P143_IMAP_STARTTLS_CONN_SUCCESS", 
  "P143_IMAP_SSL_2_TLS_CERT_PAST_VALID_END_DATE", 
  "P143_IMAP_SSL_2_SSL_2_SUPPORT", 
  "P143_IMAP_SSL_2_CERTIFICATE_PARSED_VERSION", 
  "P143_IMAP_SSL_2_CERTIFICATE_PARSED_SIGNATURE_SELF_SIGNED", 
  "P143_IMAP_SSL_2_CERTIFICATE_PARSED_ISSUER_ORGANIZATION_GODADDY", 
  "P143_IMAP_SSL_2_CERTIFICATE_PARSED_EXTENSIONS_KEY_USAGE_KEY_ENCIPHERMENT", 
  "P143_IMAP_SSL_2_CERTIFICATE_PARSED_EXTENSIONS_KEY_USAGE_DIGITAL_SIGNATURE", 
  "P143_IMAP_SSL_2_CERTIFICATE_PARSED_EXTENSIONS_BASIC_CONSTRAINTS_IS_CA", 
  "P1433_MSSQL_TLS_TLS_FIELD_PRESENT", 
  "P1433_MSSQL_BANNER_VERSION_9_0", 
  "P1433_MSSQL_BANNER_VERSION_1_0", 
  "P1433_MSSQL_BANNER_VERSION_14_0", 
  "P1433_MSSQL_BANNER_VERSION_13_0", 
  "P1433_MSSQL_BANNER_VERSION_12_0", 
  "P1433_MSSQL_BANNER_VERSION_11_0", 
  "P1433_MSSQL_BANNER_VERSION_10_50", 
  "P1433_MSSQL_BANNER_VERSION_10_5", 
  "P1433_MSSQL_BANNER_VERSION_10_0", 
  "P1433_MSSQL_BANNER_TLS_VERSION_TLSV1_2", 
  "P1433_MSSQL_BANNER_TLS_VERSION_TLSV1_0", 
  "P1433_MSSQL_BANNER_TLS_VALIDATION_BROWSER_TRUSTED", 
  "P1433_MSSQL_BANNER_TLS_SIGNATURE_VALID", 
  "P1433_MSSQL_BANNER_TLS_SERVER_KEY_EXCHANGE_ECDH_PARAMS_CURVE_ID_ID", 
  "P1433_MSSQL_BANNER_TLS_OCSP_STAPLING", 
  "P1433_MSSQL_BANNER_TLS_CIPHER_SUITE_NAME_TLS_RSA_WITH_RC4_128_SHA", 
  "P1433_MSSQL_BANNER_TLS_CIPHER_SUITE_NAME_TLS_RSA_WITH_AES_128_CBC_SHA", 
  "P1433_MSSQL_BANNER_TLS_CIPHER_SUITE_NAME_TLS_ECDHE_RSA_WITH_AES_256_CBC_SHA", 
  "P1433_MSSQL_BANNER_TLS_CIPHER_SUITE_NAME_TLS_ECDHE_RSA_WITH_AES_128_GCM_SHA256", 
  "P1433_MSSQL_BANNER_TLS_CERTIFICATE_PARSED_VERSION", 
  "P1433_MSSQL_BANNER_TLS_CERTIFICATE_PARSED_VALIDITY_LENGTH", 
  "P1433_MSSQL_BANNER_TLS_CERTIFICATE_PARSED_VALIDATION_LEVEL_UNKNOWN", 
  "P1433_MSSQL_BANNER_TLS_CERTIFICATE_PARSED_VALIDATION_LEVEL_OV", 
  "P1433_MSSQL_BANNER_TLS_CERTIFICATE_PARSED_SIGNATURE_VALID", 
  "P1433_MSSQL_BANNER_TLS_CERTIFICATE_PARSED_SIGNATURE_SELF_SIGNED", 
  "P1433_MSSQL_BANNER_TLS_CERTIFICATE_PARSED_ISSUER_ORGANIZATION_AMAZON", 
  "P1433_MSSQL_BANNER_TLS_CERTIFICATE_PARSED_EXTENSIONS_KEY_USAGE_KEY_ENCIPHERMENT", 
  "P1433_MSSQL_BANNER_TLS_CERTIFICATE_PARSED_EXTENSIONS_KEY_USAGE_DIGITAL_SIGNATURE", 
  "P1433_MSSQL_BANNER_TLS_CERTIFICATE_PARSED_EXTENSIONS_KEY_USAGE_DATA_ENCIPHERMENT", 
  "P1433_MSSQL_BANNER_SUPPORT", 
  "P1433_MSSQL_BANNER_ENCRYPT_MODE_ENCRYPT_ON", 
  "P110_POP3_TLS_TLS_FIELD_PRESENT", 
  "P110_POP3_TLS_TLS_CERT_PAST_VALID_END_DATE", 
  "P110_POP3_STARTTLS_TLS_VERSION_TLSV1_2", 
  "P110_POP3_STARTTLS_TLS_VERSION_TLSV1_0", 
  "P110_POP3_STARTTLS_TLS_VALIDATION_BROWSER_TRUSTED", 
  "P110_POP3_STARTTLS_TLS_SIGNATURE_VALID", 
  "P110_POP3_STARTTLS_TLS_SERVER_KEY_EXCHANGE_ECDH_PARAMS_CURVE_ID_ID", 
  "P110_POP3_STARTTLS_TLS_OCSP_STAPLING", 
  "P110_POP3_STARTTLS_TLS_CIPHER_SUITE_NAME_TLS_RSA_WITH_RC4_128_SHA", 
  "P110_POP3_STARTTLS_TLS_CIPHER_SUITE_NAME_TLS_RSA_WITH_AES_256_CBC_SHA", 
  "P110_POP3_STARTTLS_TLS_CIPHER_SUITE_NAME_TLS_RSA_WITH_AES_128_CBC_SHA", 
  "P110_POP3_STARTTLS_TLS_CIPHER_SUITE_NAME_TLS_ECDHE_RSA_WITH_AES_256_CBC_SHA", 
  "P110_POP3_STARTTLS_TLS_CIPHER_SUITE_NAME_TLS_ECDHE_RSA_WITH_AES_128_GCM_SHA256", 
  "P110_POP3_STARTTLS_TLS_CERTIFICATE_PARSED_VERSION", 
  "P110_POP3_STARTTLS_TLS_CERTIFICATE_PARSED_VALIDITY_LENGTH", 
  "P110_POP3_STARTTLS_TLS_CERTIFICATE_PARSED_VALIDATION_LEVEL_UNKNOWN", 
  "P110_POP3_STARTTLS_TLS_CERTIFICATE_PARSED_VALIDATION_LEVEL_OV", 
  "P110_POP3_STARTTLS_TLS_CERTIFICATE_PARSED_VALIDATION_LEVEL_EV", 
  "P110_POP3_STARTTLS_TLS_CERTIFICATE_PARSED_VALIDATION_LEVEL_DV", 
  "P110_POP3_STARTTLS_TLS_CERTIFICATE_PARSED_SIGNATURE_VALID", 
  "P110_POP3_STARTTLS_TLS_CERTIFICATE_PARSED_SIGNATURE_SELF_SIGNED", 
  "P110_POP3_STARTTLS_TLS_CERTIFICATE_PARSED_ISSUER_ORGANIZATION_UNKNOWN", 
  "P110_POP3_STARTTLS_TLS_CERTIFICATE_PARSED_ISSUER_ORGANIZATION_STARFIELD", 
  "P110_POP3_STARTTLS_TLS_CERTIFICATE_PARSED_ISSUER_ORGANIZATION_SOMEORGANIZATION", 
  "P110_POP3_STARTTLS_TLS_CERTIFICATE_PARSED_ISSUER_ORGANIZATION_RAPIDSSL", 
  "P110_POP3_STARTTLS_TLS_CERTIFICATE_PARSED_ISSUER_ORGANIZATION_LOCALHOST", 
  "P110_POP3_STARTTLS_TLS_CERTIFICATE_PARSED_ISSUER_ORGANIZATION_LETS_ENCRYPT", 
  "P110_POP3_STARTTLS_TLS_CERTIFICATE_PARSED_ISSUER_ORGANIZATION_HOME_PL", 
  "P110_POP3_STARTTLS_TLS_CERTIFICATE_PARSED_ISSUER_ORGANIZATION_GODADDY", 
  "P110_POP3_STARTTLS_TLS_CERTIFICATE_PARSED_ISSUER_ORGANIZATION_GLOBALSIGN", 
  "P110_POP3_STARTTLS_TLS_CERTIFICATE_PARSED_ISSUER_ORGANIZATION_GEOTRUST", 
  "P110_POP3_STARTTLS_TLS_CERTIFICATE_PARSED_ISSUER_ORGANIZATION_FORTINET", 
  "P110_POP3_STARTTLS_TLS_CERTIFICATE_PARSED_ISSUER_ORGANIZATION_ENTRUST", 
  "P110_POP3_STARTTLS_TLS_CERTIFICATE_PARSED_ISSUER_ORGANIZATION_DIGICERT", 
  "P110_POP3_STARTTLS_TLS_CERTIFICATE_PARSED_ISSUER_ORGANIZATION_CPANEL", 
  "P110_POP3_STARTTLS_TLS_CERTIFICATE_PARSED_ISSUER_ORGANIZATION_COMODO", 
  "P110_POP3_STARTTLS_TLS_CERTIFICATE_PARSED_ISSUER_ORGANIZATION_CISCO", 
  "P110_POP3_STARTTLS_TLS_CERTIFICATE_PARSED_ISSUER_ORGANIZATION_ALPHASSL", 
  "P110_POP3_STARTTLS_TLS_CERTIFICATE_PARSED_EXTENSIONS_KEY_USAGE_KEY_ENCIPHERMENT", 
  "P110_POP3_STARTTLS_TLS_CERTIFICATE_PARSED_EXTENSIONS_KEY_USAGE_KEY_AGREEMENT", 
  "P110_POP3_STARTTLS_TLS_CERTIFICATE_PARSED_EXTENSIONS_KEY_USAGE_DIGITAL_SIGNATURE", 
  "P110_POP3_STARTTLS_TLS_CERTIFICATE_PARSED_EXTENSIONS_KEY_USAGE_DATA_ENCIPHERMENT", 
  "P110_POP3_STARTTLS_TLS_CERTIFICATE_PARSED_EXTENSIONS_KEY_USAGE_CRL_SIGN", 
  "P110_POP3_STARTTLS_TLS_CERTIFICATE_PARSED_EXTENSIONS_KEY_USAGE_CONTENT_COMMITMENT", 
  "P110_POP3_STARTTLS_TLS_CERTIFICATE_PARSED_EXTENSIONS_KEY_USAGE_CERTIFICATE_SIGN", 
  "P110_POP3_STARTTLS_TLS_CERTIFICATE_PARSED_EXTENSIONS_BASIC_CONSTRAINTS_IS_CA", 
  "P110_POP3_STARTTLS_STARTTLS_UNKNOWN", 
  "P110_POP3_STARTTLS_RUNNING_ZIMBRA", 
  "P110_POP3_STARTTLS_RUNNING_XCHANGE", 
  "P110_POP3_STARTTLS_RUNNING_SUN", 
  "P110_POP3_STARTTLS_RUNNING_SMAIL", 
  "P110_POP3_STARTTLS_RUNNING_QPOPPER", 
  "P110_POP3_STARTTLS_RUNNING_ORACLE", 
  "P110_POP3_STARTTLS_RUNNING_NETMAIL", 
  "P110_POP3_STARTTLS_RUNNING_MICROSOFT_EXCHANGE_SERVER_2007", 
  "P110_POP3_STARTTLS_RUNNING_MICROSOFT_EXCHANGE_SERVER_2003", 
  "P110_POP3_STARTTLS_RUNNING_MICROSOFT", 
  "P110_POP3_STARTTLS_RUNNING_MERCURY", 
  "P110_POP3_STARTTLS_RUNNING_MDAEMON", 
  "P110_POP3_STARTTLS_RUNNING_MAILENABLE", 
  "P110_POP3_STARTTLS_RUNNING_KERIO_CONNECT", 
  "P110_POP3_STARTTLS_RUNNING_KERIO", 
  "P110_POP3_STARTTLS_RUNNING_IMAP", 
  "P110_POP3_STARTTLS_RUNNING_ICEWARP", 
  "P110_POP3_STARTTLS_RUNNING_IBM", 
  "P110_POP3_STARTTLS_RUNNING_GROUPWISE", 
  "P110_POP3_STARTTLS_RUNNING_GORDANO", 
  "P110_POP3_STARTTLS_RUNNING_EXCHANGE_SERVER", 
  "P110_POP3_STARTTLS_RUNNING_DOVECOT", 
  "P110_POP3_STARTTLS_RUNNING_CYRUS", 
  "P110_POP3_STARTTLS_CONN_SUCCESS", 
  "P110_POP3_SSL_2_TLS_CERT_PAST_VALID_END_DATE", 
  "P110_POP3_SSL_2_SSL_2_SUPPORT", 
  "P110_POP3_SSL_2_CERTIFICATE_PARSED_VERSION", 
  "P110_POP3_SSL_2_CERTIFICATE_PARSED_SIGNATURE_SELF_SIGNED", 
  "P110_POP3_SSL_2_CERTIFICATE_PARSED_EXTENSIONS_BASIC_CONSTRAINTS_IS_CA", 
  "P102_S7_SZL_SUPPORT", 
  "ORG_SIZE", 
  "NUM_PORTS", 
  "NUM_MEDIUM_RISK_SERVICES_RUNNING", 
  "NUM_LOW_RISK_SERVICES_RUNNING", 
  "NUM_HIGH_RISK_SERVICES_RUNNING", 
  "METADATA_DESCRIPTION_WINDOWS", 
  "METADATA_DESCRIPTION_UNIX", 
  "METADATA_DESCRIPTION_UBUNTU", 
  "METADATA_DESCRIPTION_REDHAT", 
  "METADATA_DESCRIPTION_RASPBIAN", 
  "METADATA_DESCRIPTION_QNX", 
  "METADATA_DESCRIPTION_ORACLE", 
  "METADATA_DESCRIPTION_MAGEIA", 
  "METADATA_DESCRIPTION_LINUX", 
  "METADATA_DESCRIPTION_HPE", 
  "METADATA_DESCRIPTION_HP", 
  "METADATA_DESCRIPTION_FREEBSD", 
  "METADATA_DESCRIPTION_FEDORA", 
  "METADATA_DESCRIPTION_DEBIAN", 
  "METADATA_DESCRIPTION_CIS", 
  "METADATA_DESCRIPTION_CENTOS", 
  "METADATA_DESCRIPTION_APPLE", 
  "LABEL", 
  "IP_ADDRESS", 
  "DOMAIN", 
  "COMPANY_NAME_IN_ASN", 
  "CENSYS_DATE_TABLE", 
  "AUTONOMOUS_SYSTEM_NAME_UNIFIED", 
  "AUTONOMOUS_SYSTEM_NAME_PSYCHZ", 
  "AUTONOMOUS_SYSTEM_NAME_MICROSOFT", 
  "AUTONOMOUS_SYSTEM_NAME_LEASEWEB", 
  "AUTONOMOUS_SYSTEM_NAME_GOOGLE", 
  "AUTONOMOUS_SYSTEM_NAME_GODADDY", 
  "AUTONOMOUS_SYSTEM_NAME_EGIHOSTING", 
  "AUTONOMOUS_SYSTEM_NAME_DIGITALOCEAN", 
  "AUTONOMOUS_SYSTEM_NAME_COMCAST", 
  "AUTONOMOUS_SYSTEM_NAME_CLOUDFLARE", 
  "AUTONOMOUS_SYSTEM_NAME_CHARTER", 
  "AUTONOMOUS_SYSTEM_NAME_CENTURYLINK", 
  "AUTONOMOUS_SYSTEM_NAME_ATT", 
  "AUTONOMOUS_SYSTEM_NAME_AMAZON", 
  "AUTONOMOUS_SYSTEM_NAME_AKAMAI"
]